23/10/17 23:54:02 ** --- MESSAGE BEGIN ---
23/10/17 23:54:02 ** To: tanwenhau9@gmail.com
23/10/17 23:54:02 ** Subject: Password Reset Code
23/10/17 23:54:02 ** From: actionspheresup@gmail.com
23/10/17 23:54:02 ** 
23/10/17 23:54:02 ** Your password reset code is 141368
23/10/17 23:54:02 ** --- MESSAGE END ---
23/10/17 23:54:03 ** Connecting to smtp.gmail.com:587
23/10/17 23:54:05 ** Connected.
23/10/17 23:54:06 << 220 smtp.gmail.com ESMTP d7-20020aa797a7000000b0068fadc9226dsm1608603pfq.33 - gsmtp<EOL>
23/10/17 23:54:06 >> EHLO LAPTOP-FSN0NC8T<EOL>
23/10/17 23:54:06 << 250-smtp.gmail.com at your service, [113.211.208.138]<EOL>250-SIZE 35882577<EOL>250-8BITMIME<EOL>250-STARTTLS<EOL>250-ENHANCEDSTATUSCODES<EOL>250-PIPELINING<EOL>250-CHUNKING<EOL>250 SMTPUTF8<EOL>
23/10/17 23:54:06 ** Authenticating as actionspheresup@gmail.com
23/10/17 23:54:06 >> STARTTLS<EOL>
23/10/17 23:54:07 << 220 2.0.0 Ready to start TLS<EOL>
23/10/17 23:54:07 >> EHLO LAPTOP-FSN0NC8T<EOL>
23/10/17 23:54:07 << 250-smtp.gmail.com at your service, [113.211.208.138]<EOL>250-SIZE 35882577<EOL>250-8BITMIME<EOL>250-AUTH LOGIN PLAIN XOAUTH2 PLAIN-CLIENTTOKEN OAUTHBEARER XOAUTH<EOL>250-ENHANCEDSTATUSCODES<EOL>250-PIPELINING<EOL>250-CHUNKING<EOL>250 SMTPUTF8<EOL>
23/10/17 23:54:07 >> AUTH LOGIN<EOL>
23/10/17 23:54:07 << 334 VXNlcm5hbWU6<EOL>
23/10/17 23:54:07 >> YWN0aW9uc3BoZXJlc3VwQGdtYWlsLmNvbQ==<EOL>
23/10/17 23:54:07 << 334 UGFzc3dvcmQ6<EOL>
23/10/17 23:54:07 >> aGR1aW14cXhncGdsZGFqYw==<EOL>
23/10/17 23:54:08 << 235 2.7.0 Accepted<EOL>
23/10/17 23:54:08 >> MAIL FROM: <=actionspheresup@gmail.com><EOL>
23/10/17 23:54:08 << 250 2.1.0 OK d7-20020aa797a7000000b0068fadc9226dsm1608603pfq.33 - gsmtp<EOL>
23/10/17 23:54:08 >> RCPT TO: <tanwenhau9@gmail.com><EOL>
23/10/17 23:54:08 << 250 2.1.5 OK d7-20020aa797a7000000b0068fadc9226dsm1608603pfq.33 - gsmtp<EOL>
23/10/17 23:54:08 >> DATA<EOL>
23/10/17 23:54:09 << 354  Go ahead d7-20020aa797a7000000b0068fadc9226dsm1608603pfq.33 - gsmtp<EOL>
23/10/17 23:54:09 >> Date: Tue, 17 Oct 2023 23:54:09 +0800<EOL>
23/10/17 23:54:09 >> To: tanwenhau9@gmail.com<EOL>
23/10/17 23:54:09 >> Subject: Password Reset Code<EOL>
23/10/17 23:54:09 >> From: actionspheresup@gmail.com<EOL>
23/10/17 23:54:09 >> <EOL>
23/10/17 23:54:09 >> Your password reset code is 141368<EOL>
23/10/17 23:54:09 >> .<EOL>
23/10/17 23:54:10 << 250 2.0.0 OK  1697558050 d7-20020aa797a7000000b0068fadc9226dsm1608603pfq.33 - gsmtp<EOL>
23/10/17 23:54:10 >> QUIT<EOL>
23/10/17 23:54:10 << 221 2.0.0 closing connection d7-20020aa797a7000000b0068fadc9226dsm1608603pfq.33 - gsmtp<EOL>
23/10/17 23:54:10 ** Disconnected.
23/10/17 23:54:10 ** Disconnected.
23/10/17 23:54:10 ** Disconnected.
23/10/18 14:31:26 ** --- MESSAGE BEGIN ---
23/10/18 14:31:26 ** To: tanwenhau9@gmail.com
23/10/18 14:31:26 ** Subject: Password Reset Code
23/10/18 14:31:26 ** From: actionspheresup@gmail.com
23/10/18 14:31:26 ** 
23/10/18 14:31:26 ** Your password reset code is 907244
23/10/18 14:31:26 ** --- MESSAGE END ---
23/10/18 14:31:28 ** Connecting to smtp.gmail.com:587
23/10/18 14:31:29 ** Connected.
23/10/18 14:31:30 << 220 smtp.gmail.com ESMTP 9-20020a17090a19c900b00274de7c8aacsm622603pjj.45 - gsmtp<EOL>
23/10/18 14:31:30 >> EHLO LAPTOP-FSN0NC8T<EOL>
23/10/18 14:31:30 << 250-smtp.gmail.com at your service, [113.211.208.138]<EOL>250-SIZE 35882577<EOL>250-8BITMIME<EOL>250-STARTTLS<EOL>250-ENHANCEDSTATUSCODES<EOL>250-PIPELINING<EOL>250-CHUNKING<EOL>250 SMTPUTF8<EOL>
23/10/18 14:31:30 ** Authenticating as actionspheresup@gmail.com
23/10/18 14:31:30 >> STARTTLS<EOL>
23/10/18 14:31:31 << 220 2.0.0 Ready to start TLS<EOL>
23/10/18 14:31:31 >> EHLO LAPTOP-FSN0NC8T<EOL>
23/10/18 14:31:31 << 250-smtp.gmail.com at your service, [113.211.208.138]<EOL>250-SIZE 35882577<EOL>250-8BITMIME<EOL>250-AUTH LOGIN PLAIN XOAUTH2 PLAIN-CLIENTTOKEN OAUTHBEARER XOAUTH<EOL>250-ENHANCEDSTATUSCODES<EOL>250-PIPELINING<EOL>250-CHUNKING<EOL>250 SMTPUTF8<EOL>
23/10/18 14:31:31 >> AUTH LOGIN<EOL>
23/10/18 14:31:31 << 334 VXNlcm5hbWU6<EOL>
23/10/18 14:31:31 >> YWN0aW9uc3BoZXJlc3VwQGdtYWlsLmNvbQ==<EOL>
23/10/18 14:31:31 << 334 UGFzc3dvcmQ6<EOL>
23/10/18 14:31:31 >> aGR1aW14cXhncGdsZGFqYw==<EOL>
23/10/18 14:31:32 << 235 2.7.0 Accepted<EOL>
23/10/18 14:31:32 >> MAIL FROM: <=actionspheresup@gmail.com><EOL>
23/10/18 14:31:32 << 250 2.1.0 OK 9-20020a17090a19c900b00274de7c8aacsm622603pjj.45 - gsmtp<EOL>
23/10/18 14:31:32 >> RCPT TO: <tanwenhau9@gmail.com><EOL>
23/10/18 14:31:32 << 250 2.1.5 OK 9-20020a17090a19c900b00274de7c8aacsm622603pjj.45 - gsmtp<EOL>
23/10/18 14:31:32 >> DATA<EOL>
23/10/18 14:31:32 << 354  Go ahead 9-20020a17090a19c900b00274de7c8aacsm622603pjj.45 - gsmtp<EOL>
23/10/18 14:31:32 >> Date: Wed, 18 Oct 2023 14:31:32 +0800<EOL>
23/10/18 14:31:32 >> To: tanwenhau9@gmail.com<EOL>
23/10/18 14:31:32 >> Subject: Password Reset Code<EOL>
23/10/18 14:31:32 >> From: actionspheresup@gmail.com<EOL>
23/10/18 14:31:32 >> <EOL>
23/10/18 14:31:32 >> Your password reset code is 907244<EOL>
23/10/18 14:31:32 >> .<EOL>
23/10/18 14:31:33 << 250 2.0.0 OK  1697610696 9-20020a17090a19c900b00274de7c8aacsm622603pjj.45 - gsmtp<EOL>
23/10/18 14:31:33 >> QUIT<EOL>
23/10/18 14:31:33 << 221 2.0.0 closing connection 9-20020a17090a19c900b00274de7c8aacsm622603pjj.45 - gsmtp<EOL>
23/10/18 14:31:33 ** Disconnected.
23/10/18 14:31:33 ** Disconnected.
23/10/18 14:31:33 ** Disconnected.
23/10/18 14:32:39 ** --- MESSAGE BEGIN ---
23/10/18 14:32:39 ** To: tanwenhau9@gmail.com
23/10/18 14:32:39 ** Subject: Password Reset Code
23/10/18 14:32:39 ** From: actionspheresup@gmail.com
23/10/18 14:32:39 ** 
23/10/18 14:32:39 ** Your password reset code is 637375
23/10/18 14:32:39 ** --- MESSAGE END ---
23/10/18 14:32:40 ** Connecting to smtp.gmail.com:587
23/10/18 14:32:41 ** Connected.
23/10/18 14:32:42 << 220 smtp.gmail.com ESMTP gz19-20020a17090b0ed300b0027dafa55306sm568352pjb.40 - gsmtp<EOL>
23/10/18 14:32:42 >> EHLO LAPTOP-FSN0NC8T<EOL>
23/10/18 14:32:42 << 250-smtp.gmail.com at your service, [113.211.208.138]<EOL>250-SIZE 35882577<EOL>250-8BITMIME<EOL>250-STARTTLS<EOL>250-ENHANCEDSTATUSCODES<EOL>250-PIPELINING<EOL>250-CHUNKING<EOL>250 SMTPUTF8<EOL>
23/10/18 14:32:42 ** Authenticating as actionspheresup@gmail.com
23/10/18 14:32:42 >> STARTTLS<EOL>
23/10/18 14:32:43 << 220 2.0.0 Ready to start TLS<EOL>
23/10/18 14:32:43 >> EHLO LAPTOP-FSN0NC8T<EOL>
23/10/18 14:32:43 << 250-smtp.gmail.com at your service, [113.211.208.138]<EOL>250-SIZE 35882577<EOL>250-8BITMIME<EOL>250-AUTH LOGIN PLAIN XOAUTH2 PLAIN-CLIENTTOKEN OAUTHBEARER XOAUTH<EOL>250-ENHANCEDSTATUSCODES<EOL>250-PIPELINING<EOL>250-CHUNKING<EOL>250 SMTPUTF8<EOL>
23/10/18 14:32:43 >> AUTH LOGIN<EOL>
23/10/18 14:32:43 << 334 VXNlcm5hbWU6<EOL>
23/10/18 14:32:43 >> YWN0aW9uc3BoZXJlc3VwQGdtYWlsLmNvbQ==<EOL>
23/10/18 14:32:43 << 334 UGFzc3dvcmQ6<EOL>
23/10/18 14:32:43 >> aGR1aW14cXhncGdsZGFqYw==<EOL>
23/10/18 14:32:44 << 235 2.7.0 Accepted<EOL>
23/10/18 14:32:44 >> MAIL FROM: <=actionspheresup@gmail.com><EOL>
23/10/18 14:32:44 << 250 2.1.0 OK gz19-20020a17090b0ed300b0027dafa55306sm568352pjb.40 - gsmtp<EOL>
23/10/18 14:32:44 >> RCPT TO: <tanwenhau9@gmail.com><EOL>
23/10/18 14:32:44 << 250 2.1.5 OK gz19-20020a17090b0ed300b0027dafa55306sm568352pjb.40 - gsmtp<EOL>
23/10/18 14:32:44 >> DATA<EOL>
23/10/18 14:32:44 << 354  Go ahead gz19-20020a17090b0ed300b0027dafa55306sm568352pjb.40 - gsmtp<EOL>
23/10/18 14:32:44 >> Date: Wed, 18 Oct 2023 14:32:44 +0800<EOL>
23/10/18 14:32:44 >> To: tanwenhau9@gmail.com<EOL>
23/10/18 14:32:44 >> Subject: Password Reset Code<EOL>
23/10/18 14:32:44 >> From: actionspheresup@gmail.com<EOL>
23/10/18 14:32:44 >> <EOL>
23/10/18 14:32:44 >> Your password reset code is 637375<EOL>
23/10/18 14:32:44 >> .<EOL>
23/10/18 14:32:45 << 250 2.0.0 OK  1697610768 gz19-20020a17090b0ed300b0027dafa55306sm568352pjb.40 - gsmtp<EOL>
23/10/18 14:32:45 >> QUIT<EOL>
23/10/18 14:32:45 << 221 2.0.0 closing connection gz19-20020a17090b0ed300b0027dafa55306sm568352pjb.40 - gsmtp<EOL>
23/10/18 14:32:45 ** Disconnected.
23/10/18 14:32:45 ** Disconnected.
23/10/18 14:32:45 ** Disconnected.
23/10/18 14:33:55 ** --- MESSAGE BEGIN ---
23/10/18 14:33:55 ** To: tanwenhau9@gmail.com
23/10/18 14:33:55 ** Subject: Password Reset Code
23/10/18 14:33:55 ** From: actionspheresup@gmail.com
23/10/18 14:33:55 ** 
23/10/18 14:33:55 ** Your password reset code is 844102
23/10/18 14:33:55 ** --- MESSAGE END ---
23/10/18 14:33:57 ** Connecting to smtp.gmail.com:587
23/10/18 14:33:57 ** Connected.
23/10/18 14:33:59 << 220 smtp.gmail.com ESMTP h3-20020a056a00000300b006933866fd21sm2500637pfk.117 - gsmtp<EOL>
23/10/18 14:33:59 >> EHLO LAPTOP-FSN0NC8T<EOL>
23/10/18 14:33:59 << 250-smtp.gmail.com at your service, [113.211.208.138]<EOL>250-SIZE 35882577<EOL>250-8BITMIME<EOL>250-STARTTLS<EOL>250-ENHANCEDSTATUSCODES<EOL>250-PIPELINING<EOL>250-CHUNKING<EOL>250 SMTPUTF8<EOL>
23/10/18 14:33:59 ** Authenticating as actionspheresup@gmail.com
23/10/18 14:33:59 >> STARTTLS<EOL>
23/10/18 14:33:59 << 220 2.0.0 Ready to start TLS<EOL>
23/10/18 14:33:59 >> EHLO LAPTOP-FSN0NC8T<EOL>
23/10/18 14:33:59 << 250-smtp.gmail.com at your service, [113.211.208.138]<EOL>250-SIZE 35882577<EOL>250-8BITMIME<EOL>250-AUTH LOGIN PLAIN XOAUTH2 PLAIN-CLIENTTOKEN OAUTHBEARER XOAUTH<EOL>250-ENHANCEDSTATUSCODES<EOL>250-PIPELINING<EOL>250-CHUNKING<EOL>250 SMTPUTF8<EOL>
23/10/18 14:33:59 >> AUTH LOGIN<EOL>
23/10/18 14:34:00 << 334 VXNlcm5hbWU6<EOL>
23/10/18 14:34:00 >> YWN0aW9uc3BoZXJlc3VwQGdtYWlsLmNvbQ==<EOL>
23/10/18 14:34:00 << 334 UGFzc3dvcmQ6<EOL>
23/10/18 14:34:00 >> aGR1aW14cXhncGdsZGFqYw==<EOL>
23/10/18 14:34:00 << 235 2.7.0 Accepted<EOL>
23/10/18 14:34:00 >> MAIL FROM: <=actionspheresup@gmail.com><EOL>
23/10/18 14:34:00 << 250 2.1.0 OK h3-20020a056a00000300b006933866fd21sm2500637pfk.117 - gsmtp<EOL>
23/10/18 14:34:00 >> RCPT TO: <tanwenhau9@gmail.com><EOL>
23/10/18 14:34:01 << 250 2.1.5 OK h3-20020a056a00000300b006933866fd21sm2500637pfk.117 - gsmtp<EOL>
23/10/18 14:34:01 >> DATA<EOL>
23/10/18 14:34:01 << 354  Go ahead h3-20020a056a00000300b006933866fd21sm2500637pfk.117 - gsmtp<EOL>
23/10/18 14:34:01 >> Date: Wed, 18 Oct 2023 14:34:01 +0800<EOL>
23/10/18 14:34:01 >> To: tanwenhau9@gmail.com<EOL>
23/10/18 14:34:01 >> Subject: Password Reset Code<EOL>
23/10/18 14:34:01 >> From: actionspheresup@gmail.com<EOL>
23/10/18 14:34:01 >> <EOL>
23/10/18 14:34:01 >> Your password reset code is 844102<EOL>
23/10/18 14:34:01 >> .<EOL>
23/10/18 14:34:02 << 250 2.0.0 OK  1697610844 h3-20020a056a00000300b006933866fd21sm2500637pfk.117 - gsmtp<EOL>
23/10/18 14:34:02 >> QUIT<EOL>
23/10/18 14:34:02 << 221 2.0.0 closing connection h3-20020a056a00000300b006933866fd21sm2500637pfk.117 - gsmtp<EOL>
23/10/18 14:34:02 ** Disconnected.
23/10/18 14:34:02 ** Disconnected.
23/10/18 14:34:02 ** Disconnected.
23/10/18 14:36:11 ** --- MESSAGE BEGIN ---
23/10/18 14:36:11 ** To: tanwenhau9@gmail.com
23/10/18 14:36:11 ** Subject: Password Reset Code
23/10/18 14:36:11 ** From: actionspheresup@gmail.com
23/10/18 14:36:11 ** 
23/10/18 14:36:11 ** Your password reset code is 670575
23/10/18 14:36:11 ** --- MESSAGE END ---
23/10/18 14:36:12 ** Connecting to smtp.gmail.com:587
23/10/18 14:36:13 ** Connected.
23/10/18 14:36:14 << 220 smtp.gmail.com ESMTP l11-20020a170903244b00b001bc5dc0cd75sm2671658pls.180 - gsmtp<EOL>
23/10/18 14:36:14 >> EHLO LAPTOP-FSN0NC8T<EOL>
23/10/18 14:36:14 << 250-smtp.gmail.com at your service, [113.211.208.138]<EOL>250-SIZE 35882577<EOL>250-8BITMIME<EOL>250-STARTTLS<EOL>250-ENHANCEDSTATUSCODES<EOL>250-PIPELINING<EOL>250-CHUNKING<EOL>250 SMTPUTF8<EOL>
23/10/18 14:36:14 ** Authenticating as actionspheresup@gmail.com
23/10/18 14:36:14 >> STARTTLS<EOL>
23/10/18 14:36:15 << 220 2.0.0 Ready to start TLS<EOL>
23/10/18 14:36:15 >> EHLO LAPTOP-FSN0NC8T<EOL>
23/10/18 14:36:15 << 250-smtp.gmail.com at your service, [113.211.208.138]<EOL>250-SIZE 35882577<EOL>250-8BITMIME<EOL>250-AUTH LOGIN PLAIN XOAUTH2 PLAIN-CLIENTTOKEN OAUTHBEARER XOAUTH<EOL>250-ENHANCEDSTATUSCODES<EOL>250-PIPELINING<EOL>250-CHUNKING<EOL>250 SMTPUTF8<EOL>
23/10/18 14:36:15 >> AUTH LOGIN<EOL>
23/10/18 14:36:15 << 334 VXNlcm5hbWU6<EOL>
23/10/18 14:36:15 >> YWN0aW9uc3BoZXJlc3VwQGdtYWlsLmNvbQ==<EOL>
23/10/18 14:36:15 << 334 UGFzc3dvcmQ6<EOL>
23/10/18 14:36:15 >> aGR1aW14cXhncGdsZGFqYw==<EOL>
23/10/18 14:36:15 << 235 2.7.0 Accepted<EOL>
23/10/18 14:36:15 >> MAIL FROM: <=actionspheresup@gmail.com><EOL>
23/10/18 14:36:16 << 250 2.1.0 OK l11-20020a170903244b00b001bc5dc0cd75sm2671658pls.180 - gsmtp<EOL>
23/10/18 14:36:16 >> RCPT TO: <tanwenhau9@gmail.com><EOL>
23/10/18 14:36:16 << 250 2.1.5 OK l11-20020a170903244b00b001bc5dc0cd75sm2671658pls.180 - gsmtp<EOL>
23/10/18 14:36:16 >> DATA<EOL>
23/10/18 14:36:16 << 354  Go ahead l11-20020a170903244b00b001bc5dc0cd75sm2671658pls.180 - gsmtp<EOL>
23/10/18 14:36:16 >> Date: Wed, 18 Oct 2023 14:36:16 +0800<EOL>
23/10/18 14:36:16 >> To: tanwenhau9@gmail.com<EOL>
23/10/18 14:36:16 >> Subject: Password Reset Code<EOL>
23/10/18 14:36:16 >> From: actionspheresup@gmail.com<EOL>
23/10/18 14:36:16 >> <EOL>
23/10/18 14:36:16 >> Your password reset code is 670575<EOL>
23/10/18 14:36:16 >> .<EOL>
23/10/18 14:36:17 << 250 2.0.0 OK  1697610980 l11-20020a170903244b00b001bc5dc0cd75sm2671658pls.180 - gsmtp<EOL>
23/10/18 14:36:17 >> QUIT<EOL>
23/10/18 14:36:17 << 221 2.0.0 closing connection l11-20020a170903244b00b001bc5dc0cd75sm2671658pls.180 - gsmtp<EOL>
23/10/18 14:36:17 ** Disconnected.
23/10/18 14:36:17 ** Disconnected.
23/10/18 14:36:17 ** Disconnected.
23/10/18 14:37:43 ** --- MESSAGE BEGIN ---
23/10/18 14:37:43 ** To: tanwenhau9@gmail.com
23/10/18 14:37:43 ** Subject: Password Reset Code
23/10/18 14:37:43 ** From: actionspheresup@gmail.com
23/10/18 14:37:43 ** 
23/10/18 14:37:43 ** Your password reset code is 316148
23/10/18 14:37:43 ** --- MESSAGE END ---
23/10/18 14:37:44 ** Connecting to smtp.gmail.com:587
23/10/18 14:37:45 ** Connected.
23/10/18 14:37:47 << 220 smtp.gmail.com ESMTP d2-20020aa797a2000000b006884549adc8sm2527957pfq.29 - gsmtp<EOL>
23/10/18 14:37:47 >> EHLO LAPTOP-FSN0NC8T<EOL>
23/10/18 14:37:47 << 250-smtp.gmail.com at your service, [113.211.208.138]<EOL>250-SIZE 35882577<EOL>250-8BITMIME<EOL>250-STARTTLS<EOL>250-ENHANCEDSTATUSCODES<EOL>250-PIPELINING<EOL>250-CHUNKING<EOL>250 SMTPUTF8<EOL>
23/10/18 14:37:47 ** Authenticating as actionspheresup@gmail.com
23/10/18 14:37:47 >> STARTTLS<EOL>
23/10/18 14:37:47 << 220 2.0.0 Ready to start TLS<EOL>
23/10/18 14:37:47 >> EHLO LAPTOP-FSN0NC8T<EOL>
23/10/18 14:37:48 << 250-smtp.gmail.com at your service, [113.211.208.138]<EOL>250-SIZE 35882577<EOL>250-8BITMIME<EOL>250-AUTH LOGIN PLAIN XOAUTH2 PLAIN-CLIENTTOKEN OAUTHBEARER XOAUTH<EOL>250-ENHANCEDSTATUSCODES<EOL>250-PIPELINING<EOL>250-CHUNKING<EOL>250 SMTPUTF8<EOL>
23/10/18 14:37:48 >> AUTH LOGIN<EOL>
23/10/18 14:37:48 << 334 VXNlcm5hbWU6<EOL>
23/10/18 14:37:48 >> YWN0aW9uc3BoZXJlc3VwQGdtYWlsLmNvbQ==<EOL>
23/10/18 14:37:48 << 334 UGFzc3dvcmQ6<EOL>
23/10/18 14:37:48 >> aGR1aW14cXhncGdsZGFqYw==<EOL>
23/10/18 14:37:48 << 235 2.7.0 Accepted<EOL>
23/10/18 14:37:48 >> MAIL FROM: <=actionspheresup@gmail.com><EOL>
23/10/18 14:37:48 << 250 2.1.0 OK d2-20020aa797a2000000b006884549adc8sm2527957pfq.29 - gsmtp<EOL>
23/10/18 14:37:48 >> RCPT TO: <tanwenhau9@gmail.com><EOL>
23/10/18 14:37:49 << 250 2.1.5 OK d2-20020aa797a2000000b006884549adc8sm2527957pfq.29 - gsmtp<EOL>
23/10/18 14:37:49 >> DATA<EOL>
23/10/18 14:37:49 << 354  Go ahead d2-20020aa797a2000000b006884549adc8sm2527957pfq.29 - gsmtp<EOL>
23/10/18 14:37:49 >> Date: Wed, 18 Oct 2023 14:37:49 +0800<EOL>
23/10/18 14:37:49 >> To: tanwenhau9@gmail.com<EOL>
23/10/18 14:37:49 >> Subject: Password Reset Code<EOL>
23/10/18 14:37:49 >> From: actionspheresup@gmail.com<EOL>
23/10/18 14:37:49 >> <EOL>
23/10/18 14:37:49 >> Your password reset code is 316148<EOL>
23/10/18 14:37:49 >> .<EOL>
23/10/18 14:37:50 << 250 2.0.0 OK  1697611072 d2-20020aa797a2000000b006884549adc8sm2527957pfq.29 - gsmtp<EOL>
23/10/18 14:37:50 >> QUIT<EOL>
23/10/18 14:37:50 << 221 2.0.0 closing connection d2-20020aa797a2000000b006884549adc8sm2527957pfq.29 - gsmtp<EOL>
23/10/18 14:37:50 ** Disconnected.
23/10/18 14:37:50 ** Disconnected.
23/10/18 14:37:50 ** Disconnected.
23/10/18 14:39:10 ** --- MESSAGE BEGIN ---
23/10/18 14:39:10 ** To: tanwenhau9@gmail.com
23/10/18 14:39:10 ** Subject: Password Reset Code
23/10/18 14:39:10 ** From: actionspheresup@gmail.com
23/10/18 14:39:10 ** 
23/10/18 14:39:10 ** Your password reset code is 810608
23/10/18 14:39:10 ** --- MESSAGE END ---
23/10/18 14:39:11 ** Connecting to smtp.gmail.com:587
23/10/18 14:39:12 ** Connected.
23/10/18 14:39:14 << 220 smtp.gmail.com ESMTP q23-20020aa79617000000b006be2927ca7esm2519632pfg.85 - gsmtp<EOL>
23/10/18 14:39:14 >> EHLO LAPTOP-FSN0NC8T<EOL>
23/10/18 14:39:14 << 250-smtp.gmail.com at your service, [113.211.208.138]<EOL>250-SIZE 35882577<EOL>250-8BITMIME<EOL>250-STARTTLS<EOL>250-ENHANCEDSTATUSCODES<EOL>250-PIPELINING<EOL>250-CHUNKING<EOL>250 SMTPUTF8<EOL>
23/10/18 14:39:14 ** Authenticating as actionspheresup@gmail.com
23/10/18 14:39:14 >> STARTTLS<EOL>
23/10/18 14:39:14 << 220 2.0.0 Ready to start TLS<EOL>
23/10/18 14:39:14 >> EHLO LAPTOP-FSN0NC8T<EOL>
23/10/18 14:39:14 << 250-smtp.gmail.com at your service, [113.211.208.138]<EOL>250-SIZE 35882577<EOL>250-8BITMIME<EOL>250-AUTH LOGIN PLAIN XOAUTH2 PLAIN-CLIENTTOKEN OAUTHBEARER XOAUTH<EOL>250-ENHANCEDSTATUSCODES<EOL>250-PIPELINING<EOL>250-CHUNKING<EOL>250 SMTPUTF8<EOL>
23/10/18 14:39:14 >> AUTH LOGIN<EOL>
23/10/18 14:39:14 << 334 VXNlcm5hbWU6<EOL>
23/10/18 14:39:14 >> YWN0aW9uc3BoZXJlc3VwQGdtYWlsLmNvbQ==<EOL>
23/10/18 14:39:15 << 334 UGFzc3dvcmQ6<EOL>
23/10/18 14:39:15 >> aGR1aW14cXhncGdsZGFqYw==<EOL>
23/10/18 14:39:15 << 235 2.7.0 Accepted<EOL>
23/10/18 14:39:15 >> MAIL FROM: <=actionspheresup@gmail.com><EOL>
23/10/18 14:39:15 << 250 2.1.0 OK q23-20020aa79617000000b006be2927ca7esm2519632pfg.85 - gsmtp<EOL>
23/10/18 14:39:15 >> RCPT TO: <tanwenhau9@gmail.com><EOL>
23/10/18 14:39:15 << 250 2.1.5 OK q23-20020aa79617000000b006be2927ca7esm2519632pfg.85 - gsmtp<EOL>
23/10/18 14:39:15 >> DATA<EOL>
23/10/18 14:39:16 << 354  Go ahead q23-20020aa79617000000b006be2927ca7esm2519632pfg.85 - gsmtp<EOL>
23/10/18 14:39:16 >> Date: Wed, 18 Oct 2023 14:39:16 +0800<EOL>
23/10/18 14:39:16 >> To: tanwenhau9@gmail.com<EOL>
23/10/18 14:39:16 >> Subject: Password Reset Code<EOL>
23/10/18 14:39:16 >> From: actionspheresup@gmail.com<EOL>
23/10/18 14:39:16 >> <EOL>
23/10/18 14:39:16 >> Your password reset code is 810608<EOL>
23/10/18 14:39:16 >> .<EOL>
23/10/18 14:39:16 << 250 2.0.0 OK  1697611159 q23-20020aa79617000000b006be2927ca7esm2519632pfg.85 - gsmtp<EOL>
23/10/18 14:39:16 >> QUIT<EOL>
23/10/18 14:39:16 << 221 2.0.0 closing connection q23-20020aa79617000000b006be2927ca7esm2519632pfg.85 - gsmtp<EOL>
23/10/18 14:39:16 ** Disconnected.
23/10/18 14:39:16 ** Disconnected.
23/10/18 14:39:16 ** Disconnected.
23/10/18 14:43:50 ** --- MESSAGE BEGIN ---
23/10/18 14:43:50 ** To: tanwenhau9@gmail.com
23/10/18 14:43:50 ** Subject: Password Reset Code
23/10/18 14:43:50 ** From: actionspheresup@gmail.com
23/10/18 14:43:50 ** 
23/10/18 14:43:50 ** Your password reset code is 474411
23/10/18 14:43:50 ** --- MESSAGE END ---
23/10/18 14:43:51 ** Connecting to smtp.gmail.com:587
23/10/18 14:43:52 ** Connected.
23/10/18 14:43:53 << 220 smtp.gmail.com ESMTP s15-20020a170902ea0f00b001c0cb2aa2easm2686510plg.121 - gsmtp<EOL>
23/10/18 14:43:53 >> EHLO LAPTOP-FSN0NC8T<EOL>
23/10/18 14:43:54 << 250-smtp.gmail.com at your service, [113.211.208.138]<EOL>250-SIZE 35882577<EOL>250-8BITMIME<EOL>250-STARTTLS<EOL>250-ENHANCEDSTATUSCODES<EOL>250-PIPELINING<EOL>250-CHUNKING<EOL>250 SMTPUTF8<EOL>
23/10/18 14:43:54 ** Authenticating as actionspheresup@gmail.com
23/10/18 14:43:54 >> STARTTLS<EOL>
23/10/18 14:43:54 << 220 2.0.0 Ready to start TLS<EOL>
23/10/18 14:43:54 >> EHLO LAPTOP-FSN0NC8T<EOL>
23/10/18 14:43:54 << 250-smtp.gmail.com at your service, [113.211.208.138]<EOL>250-SIZE 35882577<EOL>250-8BITMIME<EOL>250-AUTH LOGIN PLAIN XOAUTH2 PLAIN-CLIENTTOKEN OAUTHBEARER XOAUTH<EOL>250-ENHANCEDSTATUSCODES<EOL>250-PIPELINING<EOL>250-CHUNKING<EOL>250 SMTPUTF8<EOL>
23/10/18 14:43:54 >> AUTH LOGIN<EOL>
23/10/18 14:43:54 << 334 VXNlcm5hbWU6<EOL>
23/10/18 14:43:54 >> YWN0aW9uc3BoZXJlc3VwQGdtYWlsLmNvbQ==<EOL>
23/10/18 14:43:54 << 334 UGFzc3dvcmQ6<EOL>
23/10/18 14:43:54 >> aGR1aW14cXhncGdsZGFqYw==<EOL>
23/10/18 14:43:55 << 235 2.7.0 Accepted<EOL>
23/10/18 14:43:55 >> MAIL FROM: <=actionspheresup@gmail.com><EOL>
23/10/18 14:43:55 << 250 2.1.0 OK s15-20020a170902ea0f00b001c0cb2aa2easm2686510plg.121 - gsmtp<EOL>
23/10/18 14:43:55 >> RCPT TO: <tanwenhau9@gmail.com><EOL>
23/10/18 14:43:55 << 250 2.1.5 OK s15-20020a170902ea0f00b001c0cb2aa2easm2686510plg.121 - gsmtp<EOL>
23/10/18 14:43:55 >> DATA<EOL>
23/10/18 14:43:55 << 354  Go ahead s15-20020a170902ea0f00b001c0cb2aa2easm2686510plg.121 - gsmtp<EOL>
23/10/18 14:43:55 >> Date: Wed, 18 Oct 2023 14:43:55 +0800<EOL>
23/10/18 14:43:55 >> To: tanwenhau9@gmail.com<EOL>
23/10/18 14:43:55 >> Subject: Password Reset Code<EOL>
23/10/18 14:43:55 >> From: actionspheresup@gmail.com<EOL>
23/10/18 14:43:55 >> <EOL>
23/10/18 14:43:55 >> Your password reset code is 474411<EOL>
23/10/18 14:43:55 >> .<EOL>
23/10/18 14:43:56 << 250 2.0.0 OK  1697611439 s15-20020a170902ea0f00b001c0cb2aa2easm2686510plg.121 - gsmtp<EOL>
23/10/18 14:43:56 >> QUIT<EOL>
23/10/18 14:43:56 << 221 2.0.0 closing connection s15-20020a170902ea0f00b001c0cb2aa2easm2686510plg.121 - gsmtp<EOL>
23/10/18 14:43:56 ** Disconnecting from smtp.gmail.com:587
23/10/18 14:43:56 ** Disconnected.
23/10/18 14:43:56 ** Disconnected.
23/10/18 14:47:45 ** --- MESSAGE BEGIN ---
23/10/18 14:47:45 ** To: tanwenhau9@gmail.com
23/10/18 14:47:45 ** Subject: Password Reset Code
23/10/18 14:47:45 ** From: actionspheresup@gmail.com
23/10/18 14:47:45 ** 
23/10/18 14:47:45 ** Your password reset code is 544143
23/10/18 14:47:45 ** --- MESSAGE END ---
23/10/18 14:47:46 ** Connecting to smtp.gmail.com:587
23/10/18 14:47:47 ** Connected.
23/10/18 14:47:49 << 220 smtp.gmail.com ESMTP k3-20020aa79d03000000b006934a1c69f8sm2544503pfp.24 - gsmtp<EOL>
23/10/18 14:47:49 >> EHLO LAPTOP-FSN0NC8T<EOL>
23/10/18 14:47:49 << 250-smtp.gmail.com at your service, [113.211.208.138]<EOL>250-SIZE 35882577<EOL>250-8BITMIME<EOL>250-STARTTLS<EOL>250-ENHANCEDSTATUSCODES<EOL>250-PIPELINING<EOL>250-CHUNKING<EOL>250 SMTPUTF8<EOL>
23/10/18 14:47:49 ** Authenticating as actionspheresup@gmail.com
23/10/18 14:47:49 >> STARTTLS<EOL>
23/10/18 14:47:49 << 220 2.0.0 Ready to start TLS<EOL>
23/10/18 14:47:49 >> EHLO LAPTOP-FSN0NC8T<EOL>
23/10/18 14:47:49 << 250-smtp.gmail.com at your service, [113.211.208.138]<EOL>250-SIZE 35882577<EOL>250-8BITMIME<EOL>250-AUTH LOGIN PLAIN XOAUTH2 PLAIN-CLIENTTOKEN OAUTHBEARER XOAUTH<EOL>250-ENHANCEDSTATUSCODES<EOL>250-PIPELINING<EOL>250-CHUNKING<EOL>250 SMTPUTF8<EOL>
23/10/18 14:47:49 >> AUTH LOGIN<EOL>
23/10/18 14:47:49 << 334 VXNlcm5hbWU6<EOL>
23/10/18 14:47:49 >> YWN0aW9uc3BoZXJlc3VwQGdtYWlsLmNvbQ==<EOL>
23/10/18 14:47:50 << 334 UGFzc3dvcmQ6<EOL>
23/10/18 14:47:50 >> aGR1aW14cXhncGdsZGFqYw==<EOL>
23/10/18 14:47:50 << 235 2.7.0 Accepted<EOL>
23/10/18 14:47:50 >> MAIL FROM: <=actionspheresup@gmail.com><EOL>
23/10/18 14:47:50 << 250 2.1.0 OK k3-20020aa79d03000000b006934a1c69f8sm2544503pfp.24 - gsmtp<EOL>
23/10/18 14:47:50 >> RCPT TO: <tanwenhau9@gmail.com><EOL>
23/10/18 14:47:50 << 250 2.1.5 OK k3-20020aa79d03000000b006934a1c69f8sm2544503pfp.24 - gsmtp<EOL>
23/10/18 14:47:50 >> DATA<EOL>
23/10/18 14:47:51 << 354  Go ahead k3-20020aa79d03000000b006934a1c69f8sm2544503pfp.24 - gsmtp<EOL>
23/10/18 14:47:51 >> Date: Wed, 18 Oct 2023 14:47:51 +0800<EOL>
23/10/18 14:47:51 >> To: tanwenhau9@gmail.com<EOL>
23/10/18 14:47:51 >> Subject: Password Reset Code<EOL>
23/10/18 14:47:51 >> From: actionspheresup@gmail.com<EOL>
23/10/18 14:47:51 >> <EOL>
23/10/18 14:47:51 >> Your password reset code is 544143<EOL>
23/10/18 14:47:51 >> .<EOL>
23/10/18 14:47:51 << 250 2.0.0 OK  1697611674 k3-20020aa79d03000000b006934a1c69f8sm2544503pfp.24 - gsmtp<EOL>
23/10/18 14:47:51 >> QUIT<EOL>
23/10/18 14:47:52 << 221 2.0.0 closing connection k3-20020aa79d03000000b006934a1c69f8sm2544503pfp.24 - gsmtp<EOL>
23/10/18 14:47:52 ** Disconnected.
23/10/18 14:47:52 ** Disconnected.
23/10/18 14:47:52 ** Disconnected.
23/10/18 14:55:25 ** --- MESSAGE BEGIN ---
23/10/18 14:55:25 ** To: tanwenhau9@gmail.com
23/10/18 14:55:25 ** Subject: Password Reset Code
23/10/18 14:55:25 ** From: actionspheresup@gmail.com
23/10/18 14:55:25 ** 
23/10/18 14:55:25 ** Your password reset code is 562047
23/10/18 14:55:25 ** --- MESSAGE END ---
23/10/18 14:55:27 ** Connecting to smtp.gmail.com:587
23/10/18 14:55:28 ** Connected.
23/10/18 14:55:29 << 220 smtp.gmail.com ESMTP e59-20020a17090a6fc100b00260a5ecd273sm679671pjk.1 - gsmtp<EOL>
23/10/18 14:55:29 >> EHLO LAPTOP-FSN0NC8T<EOL>
23/10/18 14:55:29 << 250-smtp.gmail.com at your service, [113.211.208.138]<EOL>250-SIZE 35882577<EOL>250-8BITMIME<EOL>250-STARTTLS<EOL>250-ENHANCEDSTATUSCODES<EOL>250-PIPELINING<EOL>250-CHUNKING<EOL>250 SMTPUTF8<EOL>
23/10/18 14:55:29 ** Authenticating as actionspheresup@gmail.com
23/10/18 14:55:29 >> STARTTLS<EOL>
23/10/18 14:55:30 << 220 2.0.0 Ready to start TLS<EOL>
23/10/18 14:55:30 >> EHLO LAPTOP-FSN0NC8T<EOL>
23/10/18 14:55:30 << 250-smtp.gmail.com at your service, [113.211.208.138]<EOL>250-SIZE 35882577<EOL>250-8BITMIME<EOL>250-AUTH LOGIN PLAIN XOAUTH2 PLAIN-CLIENTTOKEN OAUTHBEARER XOAUTH<EOL>250-ENHANCEDSTATUSCODES<EOL>250-PIPELINING<EOL>250-CHUNKING<EOL>250 SMTPUTF8<EOL>
23/10/18 14:55:30 >> AUTH LOGIN<EOL>
23/10/18 14:55:30 << 334 VXNlcm5hbWU6<EOL>
23/10/18 14:55:30 >> YWN0aW9uc3BoZXJlc3VwQGdtYWlsLmNvbQ==<EOL>
23/10/18 14:55:30 << 334 UGFzc3dvcmQ6<EOL>
23/10/18 14:55:30 >> aGR1aW14cXhncGdsZGFqYw==<EOL>
23/10/18 14:55:30 << 235 2.7.0 Accepted<EOL>
23/10/18 14:55:30 >> MAIL FROM: <=actionspheresup@gmail.com><EOL>
23/10/18 14:55:31 << 250 2.1.0 OK e59-20020a17090a6fc100b00260a5ecd273sm679671pjk.1 - gsmtp<EOL>
23/10/18 14:55:31 >> RCPT TO: <tanwenhau9@gmail.com><EOL>
23/10/18 14:55:31 << 250 2.1.5 OK e59-20020a17090a6fc100b00260a5ecd273sm679671pjk.1 - gsmtp<EOL>
23/10/18 14:55:31 >> DATA<EOL>
23/10/18 14:55:31 << 354  Go ahead e59-20020a17090a6fc100b00260a5ecd273sm679671pjk.1 - gsmtp<EOL>
23/10/18 14:55:31 >> Date: Wed, 18 Oct 2023 14:55:31 +0800<EOL>
23/10/18 14:55:31 >> To: tanwenhau9@gmail.com<EOL>
23/10/18 14:55:31 >> Subject: Password Reset Code<EOL>
23/10/18 14:55:31 >> From: actionspheresup@gmail.com<EOL>
23/10/18 14:55:31 >> <EOL>
23/10/18 14:55:31 >> Your password reset code is 562047<EOL>
23/10/18 14:55:31 >> .<EOL>
23/10/18 14:55:32 << 250 2.0.0 OK  1697612134 e59-20020a17090a6fc100b00260a5ecd273sm679671pjk.1 - gsmtp<EOL>
23/10/18 14:55:32 >> QUIT<EOL>
23/10/18 14:55:32 << 221 2.0.0 closing connection e59-20020a17090a6fc100b00260a5ecd273sm679671pjk.1 - gsmtp<EOL>
23/10/18 14:55:32 ** Disconnected.
23/10/18 14:55:32 ** Disconnected.
23/10/18 14:55:32 ** Disconnected.
23/10/18 14:59:45 ** --- MESSAGE BEGIN ---
23/10/18 14:59:45 ** To: tanwenhau9@gmail.com
23/10/18 14:59:45 ** Subject: Password Reset Code
23/10/18 14:59:45 ** From: actionspheresup@gmail.com
23/10/18 14:59:45 ** 
23/10/18 14:59:45 ** Your password reset code is 355656
23/10/18 14:59:45 ** --- MESSAGE END ---
23/10/18 14:59:46 ** Connecting to smtp.gmail.com:587
23/10/18 14:59:46 ** Connected.
23/10/18 14:59:48 << 220 smtp.gmail.com ESMTP oj3-20020a17090b4d8300b0027d0af2e9c3sm612136pjb.40 - gsmtp<EOL>
23/10/18 14:59:48 >> EHLO LAPTOP-FSN0NC8T<EOL>
23/10/18 14:59:48 << 250-smtp.gmail.com at your service, [113.211.208.138]<EOL>250-SIZE 35882577<EOL>250-8BITMIME<EOL>250-STARTTLS<EOL>250-ENHANCEDSTATUSCODES<EOL>250-PIPELINING<EOL>250-CHUNKING<EOL>250 SMTPUTF8<EOL>
23/10/18 14:59:48 ** Authenticating as actionspheresup@gmail.com
23/10/18 14:59:48 >> STARTTLS<EOL>
23/10/18 14:59:49 << 220 2.0.0 Ready to start TLS<EOL>
23/10/18 14:59:49 >> EHLO LAPTOP-FSN0NC8T<EOL>
23/10/18 14:59:49 << 250-smtp.gmail.com at your service, [113.211.208.138]<EOL>250-SIZE 35882577<EOL>250-8BITMIME<EOL>250-AUTH LOGIN PLAIN XOAUTH2 PLAIN-CLIENTTOKEN OAUTHBEARER XOAUTH<EOL>250-ENHANCEDSTATUSCODES<EOL>250-PIPELINING<EOL>250-CHUNKING<EOL>250 SMTPUTF8<EOL>
23/10/18 14:59:49 >> AUTH LOGIN<EOL>
23/10/18 14:59:49 << 334 VXNlcm5hbWU6<EOL>
23/10/18 14:59:49 >> YWN0aW9uc3BoZXJlc3VwQGdtYWlsLmNvbQ==<EOL>
23/10/18 14:59:49 << 334 UGFzc3dvcmQ6<EOL>
23/10/18 14:59:49 >> aGR1aW14cXhncGdsZGFqYw==<EOL>
23/10/18 14:59:50 << 235 2.7.0 Accepted<EOL>
23/10/18 14:59:50 >> MAIL FROM: <=actionspheresup@gmail.com><EOL>
23/10/18 14:59:50 << 250 2.1.0 OK oj3-20020a17090b4d8300b0027d0af2e9c3sm612136pjb.40 - gsmtp<EOL>
23/10/18 14:59:50 >> RCPT TO: <tanwenhau9@gmail.com><EOL>
23/10/18 14:59:50 << 250 2.1.5 OK oj3-20020a17090b4d8300b0027d0af2e9c3sm612136pjb.40 - gsmtp<EOL>
23/10/18 14:59:50 >> DATA<EOL>
23/10/18 14:59:50 << 354  Go ahead oj3-20020a17090b4d8300b0027d0af2e9c3sm612136pjb.40 - gsmtp<EOL>
23/10/18 14:59:50 >> Date: Wed, 18 Oct 2023 14:59:50 +0800<EOL>
23/10/18 14:59:50 >> To: tanwenhau9@gmail.com<EOL>
23/10/18 14:59:50 >> Subject: Password Reset Code<EOL>
23/10/18 14:59:50 >> From: actionspheresup@gmail.com<EOL>
23/10/18 14:59:50 >> <EOL>
23/10/18 14:59:50 >> Your password reset code is 355656<EOL>
23/10/18 14:59:50 >> .<EOL>
23/10/18 14:59:51 << 250 2.0.0 OK  1697612394 oj3-20020a17090b4d8300b0027d0af2e9c3sm612136pjb.40 - gsmtp<EOL>
23/10/18 14:59:51 >> QUIT<EOL>
23/10/18 14:59:51 << 221 2.0.0 closing connection oj3-20020a17090b4d8300b0027d0af2e9c3sm612136pjb.40 - gsmtp<EOL>
23/10/18 14:59:51 ** Disconnected.
23/10/18 14:59:51 ** Disconnected.
23/10/18 14:59:51 ** Disconnected.
23/10/18 14:59:54 ** --- MESSAGE BEGIN ---
23/10/18 14:59:54 ** To: tanwenhau9@gmail.com
23/10/18 14:59:54 ** Subject: Password Reset Code
23/10/18 14:59:54 ** From: actionspheresup@gmail.com
23/10/18 14:59:54 ** 
23/10/18 14:59:54 ** Your password reset code is 826224
23/10/18 14:59:54 ** --- MESSAGE END ---
23/10/18 14:59:56 ** Connecting to smtp.gmail.com:587
23/10/18 14:59:56 ** Connected.
23/10/18 14:59:58 << 220 smtp.gmail.com ESMTP j16-20020a17090ae61000b00263cca08d95sm616722pjy.55 - gsmtp<EOL>
23/10/18 14:59:58 >> EHLO LAPTOP-FSN0NC8T<EOL>
23/10/18 14:59:58 << 250-smtp.gmail.com at your service, [113.211.208.138]<EOL>250-SIZE 35882577<EOL>250-8BITMIME<EOL>250-STARTTLS<EOL>250-ENHANCEDSTATUSCODES<EOL>250-PIPELINING<EOL>250-CHUNKING<EOL>250 SMTPUTF8<EOL>
23/10/18 14:59:58 ** Authenticating as actionspheresup@gmail.com
23/10/18 14:59:58 >> STARTTLS<EOL>
23/10/18 14:59:58 << 220 2.0.0 Ready to start TLS<EOL>
23/10/18 14:59:58 >> EHLO LAPTOP-FSN0NC8T<EOL>
23/10/18 14:59:58 << 250-smtp.gmail.com at your service, [113.211.208.138]<EOL>250-SIZE 35882577<EOL>250-8BITMIME<EOL>250-AUTH LOGIN PLAIN XOAUTH2 PLAIN-CLIENTTOKEN OAUTHBEARER XOAUTH<EOL>250-ENHANCEDSTATUSCODES<EOL>250-PIPELINING<EOL>250-CHUNKING<EOL>250 SMTPUTF8<EOL>
23/10/18 14:59:58 >> AUTH LOGIN<EOL>
23/10/18 14:59:59 << 334 VXNlcm5hbWU6<EOL>
23/10/18 14:59:59 >> YWN0aW9uc3BoZXJlc3VwQGdtYWlsLmNvbQ==<EOL>
23/10/18 14:59:59 << 334 UGFzc3dvcmQ6<EOL>
23/10/18 14:59:59 >> aGR1aW14cXhncGdsZGFqYw==<EOL>
23/10/18 14:59:59 << 235 2.7.0 Accepted<EOL>
23/10/18 14:59:59 >> MAIL FROM: <=actionspheresup@gmail.com><EOL>
23/10/18 14:59:59 << 250 2.1.0 OK j16-20020a17090ae61000b00263cca08d95sm616722pjy.55 - gsmtp<EOL>
23/10/18 14:59:59 >> RCPT TO: <tanwenhau9@gmail.com><EOL>
23/10/18 14:59:59 << 250 2.1.5 OK j16-20020a17090ae61000b00263cca08d95sm616722pjy.55 - gsmtp<EOL>
23/10/18 14:59:59 >> DATA<EOL>
23/10/18 15:00:00 << 354  Go ahead j16-20020a17090ae61000b00263cca08d95sm616722pjy.55 - gsmtp<EOL>
23/10/18 15:00:00 >> Date: Wed, 18 Oct 2023 15:00:00 +0800<EOL>
23/10/18 15:00:00 >> To: tanwenhau9@gmail.com<EOL>
23/10/18 15:00:00 >> Subject: Password Reset Code<EOL>
23/10/18 15:00:00 >> From: actionspheresup@gmail.com<EOL>
23/10/18 15:00:00 >> <EOL>
23/10/18 15:00:00 >> Your password reset code is 826224<EOL>
23/10/18 15:00:00 >> .<EOL>
23/10/18 15:00:00 << 250 2.0.0 OK  1697612403 j16-20020a17090ae61000b00263cca08d95sm616722pjy.55 - gsmtp<EOL>
23/10/18 15:00:00 >> QUIT<EOL>
23/10/18 15:00:01 << 221 2.0.0 closing connection j16-20020a17090ae61000b00263cca08d95sm616722pjy.55 - gsmtp<EOL>
23/10/18 15:00:01 ** Disconnected.
23/10/18 15:00:01 ** Disconnected.
23/10/18 15:00:01 ** Disconnected.
23/10/18 15:00:18 ** --- MESSAGE BEGIN ---
23/10/18 15:00:18 ** To: tanwenhau9@gmail.com
23/10/18 15:00:18 ** Subject: Password Reset Code
23/10/18 15:00:18 ** From: actionspheresup@gmail.com
23/10/18 15:00:18 ** 
23/10/18 15:00:18 ** Your password reset code is 788356
23/10/18 15:00:18 ** --- MESSAGE END ---
23/10/18 15:00:19 ** Connecting to smtp.gmail.com:587
23/10/18 15:00:20 ** Connected.
23/10/18 15:00:22 << 220 smtp.gmail.com ESMTP n14-20020a170902e54e00b001c444106bcasm2735973plf.46 - gsmtp<EOL>
23/10/18 15:00:22 >> EHLO LAPTOP-FSN0NC8T<EOL>
23/10/18 15:00:22 << 250-smtp.gmail.com at your service, [113.211.208.138]<EOL>250-SIZE 35882577<EOL>250-8BITMIME<EOL>250-STARTTLS<EOL>250-ENHANCEDSTATUSCODES<EOL>250-PIPELINING<EOL>250-CHUNKING<EOL>250 SMTPUTF8<EOL>
23/10/18 15:00:22 ** Authenticating as actionspheresup@gmail.com
23/10/18 15:00:22 >> STARTTLS<EOL>
23/10/18 15:00:22 << 220 2.0.0 Ready to start TLS<EOL>
23/10/18 15:00:22 >> EHLO LAPTOP-FSN0NC8T<EOL>
23/10/18 15:00:22 << 250-smtp.gmail.com at your service, [113.211.208.138]<EOL>250-SIZE 35882577<EOL>250-8BITMIME<EOL>250-AUTH LOGIN PLAIN XOAUTH2 PLAIN-CLIENTTOKEN OAUTHBEARER XOAUTH<EOL>250-ENHANCEDSTATUSCODES<EOL>250-PIPELINING<EOL>250-CHUNKING<EOL>250 SMTPUTF8<EOL>
23/10/18 15:00:22 >> AUTH LOGIN<EOL>
23/10/18 15:00:22 << 334 VXNlcm5hbWU6<EOL>
23/10/18 15:00:22 >> YWN0aW9uc3BoZXJlc3VwQGdtYWlsLmNvbQ==<EOL>
23/10/18 15:00:22 << 334 UGFzc3dvcmQ6<EOL>
23/10/18 15:00:22 >> aGR1aW14cXhncGdsZGFqYw==<EOL>
23/10/18 15:00:23 << 235 2.7.0 Accepted<EOL>
23/10/18 15:00:23 >> MAIL FROM: <=actionspheresup@gmail.com><EOL>
23/10/18 15:00:23 << 250 2.1.0 OK n14-20020a170902e54e00b001c444106bcasm2735973plf.46 - gsmtp<EOL>
23/10/18 15:00:23 >> RCPT TO: <tanwenhau9@gmail.com><EOL>
23/10/18 15:00:23 << 250 2.1.5 OK n14-20020a170902e54e00b001c444106bcasm2735973plf.46 - gsmtp<EOL>
23/10/18 15:00:23 >> DATA<EOL>
23/10/18 15:00:24 << 354  Go ahead n14-20020a170902e54e00b001c444106bcasm2735973plf.46 - gsmtp<EOL>
23/10/18 15:00:24 >> Date: Wed, 18 Oct 2023 15:00:24 +0800<EOL>
23/10/18 15:00:24 >> To: tanwenhau9@gmail.com<EOL>
23/10/18 15:00:24 >> Subject: Password Reset Code<EOL>
23/10/18 15:00:24 >> From: actionspheresup@gmail.com<EOL>
23/10/18 15:00:24 >> <EOL>
23/10/18 15:00:24 >> Your password reset code is 788356<EOL>
23/10/18 15:00:24 >> .<EOL>
23/10/18 15:00:24 << 250 2.0.0 OK  1697612427 n14-20020a170902e54e00b001c444106bcasm2735973plf.46 - gsmtp<EOL>
23/10/18 15:00:24 >> QUIT<EOL>
23/10/18 15:00:24 << 221 2.0.0 closing connection n14-20020a170902e54e00b001c444106bcasm2735973plf.46 - gsmtp<EOL>
23/10/18 15:00:24 ** Disconnected.
23/10/18 15:00:24 ** Disconnected.
23/10/18 15:00:24 ** Disconnected.
23/10/18 15:05:18 ** --- MESSAGE BEGIN ---
23/10/18 15:05:18 ** To: tanwenhau9@gmail.com
23/10/18 15:05:18 ** Subject: Password Reset Code
23/10/18 15:05:18 ** From: actionspheresup@gmail.com
23/10/18 15:05:18 ** 
23/10/18 15:05:18 ** Your password reset code is 697951
23/10/18 15:05:18 ** --- MESSAGE END ---
23/10/18 15:05:19 ** Connecting to smtp.gmail.com:587
23/10/18 15:05:20 ** Connected.
23/10/18 15:05:22 << 220 smtp.gmail.com ESMTP i16-20020a170902c95000b001c60c3f9508sm2729054pla.230 - gsmtp<EOL>
23/10/18 15:05:22 >> EHLO LAPTOP-FSN0NC8T<EOL>
23/10/18 15:05:22 << 250-smtp.gmail.com at your service, [113.211.208.138]<EOL>250-SIZE 35882577<EOL>250-8BITMIME<EOL>250-STARTTLS<EOL>250-ENHANCEDSTATUSCODES<EOL>250-PIPELINING<EOL>250-CHUNKING<EOL>250 SMTPUTF8<EOL>
23/10/18 15:05:22 ** Authenticating as actionspheresup@gmail.com
23/10/18 15:05:22 >> STARTTLS<EOL>
23/10/18 15:05:22 << 220 2.0.0 Ready to start TLS<EOL>
23/10/18 15:05:22 >> EHLO LAPTOP-FSN0NC8T<EOL>
23/10/18 15:05:22 << 250-smtp.gmail.com at your service, [113.211.208.138]<EOL>250-SIZE 35882577<EOL>250-8BITMIME<EOL>250-AUTH LOGIN PLAIN XOAUTH2 PLAIN-CLIENTTOKEN OAUTHBEARER XOAUTH<EOL>250-ENHANCEDSTATUSCODES<EOL>250-PIPELINING<EOL>250-CHUNKING<EOL>250 SMTPUTF8<EOL>
23/10/18 15:05:22 >> AUTH LOGIN<EOL>
23/10/18 15:05:23 << 334 VXNlcm5hbWU6<EOL>
23/10/18 15:05:23 >> YWN0aW9uc3BoZXJlc3VwQGdtYWlsLmNvbQ==<EOL>
23/10/18 15:05:23 << 334 UGFzc3dvcmQ6<EOL>
23/10/18 15:05:23 >> aGR1aW14cXhncGdsZGFqYw==<EOL>
23/10/18 15:05:23 << 235 2.7.0 Accepted<EOL>
23/10/18 15:05:23 >> MAIL FROM: <=actionspheresup@gmail.com><EOL>
23/10/18 15:05:23 << 250 2.1.0 OK i16-20020a170902c95000b001c60c3f9508sm2729054pla.230 - gsmtp<EOL>
23/10/18 15:05:23 >> RCPT TO: <tanwenhau9@gmail.com><EOL>
23/10/18 15:05:23 << 250 2.1.5 OK i16-20020a170902c95000b001c60c3f9508sm2729054pla.230 - gsmtp<EOL>
23/10/18 15:05:23 >> DATA<EOL>
23/10/18 15:05:24 << 354  Go ahead i16-20020a170902c95000b001c60c3f9508sm2729054pla.230 - gsmtp<EOL>
23/10/18 15:05:24 >> Date: Wed, 18 Oct 2023 15:05:24 +0800<EOL>
23/10/18 15:05:24 >> To: tanwenhau9@gmail.com<EOL>
23/10/18 15:05:24 >> Subject: Password Reset Code<EOL>
23/10/18 15:05:24 >> From: actionspheresup@gmail.com<EOL>
23/10/18 15:05:24 >> <EOL>
23/10/18 15:05:24 >> Your password reset code is 697951<EOL>
23/10/18 15:05:24 >> .<EOL>
23/10/18 15:05:25 << 250 2.0.0 OK  1697612727 i16-20020a170902c95000b001c60c3f9508sm2729054pla.230 - gsmtp<EOL>
23/10/18 15:05:25 >> QUIT<EOL>
23/10/18 15:05:25 << 221 2.0.0 closing connection i16-20020a170902c95000b001c60c3f9508sm2729054pla.230 - gsmtp<EOL>
23/10/18 15:05:25 ** Disconnected.
23/10/18 15:05:25 ** Disconnected.
23/10/18 15:05:25 ** Disconnected.
23/10/18 15:10:17 ** --- MESSAGE BEGIN ---
23/10/18 15:10:17 ** To: tanwenhau9@gmail.com
23/10/18 15:10:17 ** Subject: Password Reset Code
23/10/18 15:10:17 ** From: actionspheresup@gmail.com
23/10/18 15:10:17 ** 
23/10/18 15:10:17 ** Your password reset code is 269823
23/10/18 15:10:17 ** --- MESSAGE END ---
23/10/18 15:10:18 ** Connecting to smtp.gmail.com:587
23/10/18 15:10:19 ** Connected.
23/10/18 15:10:20 << 220 smtp.gmail.com ESMTP e13-20020a170902d38d00b001c5fd2a28d3sm2765784pld.28 - gsmtp<EOL>
23/10/18 15:10:20 >> EHLO LAPTOP-FSN0NC8T<EOL>
23/10/18 15:10:21 << 250-smtp.gmail.com at your service, [113.211.208.138]<EOL>250-SIZE 35882577<EOL>250-8BITMIME<EOL>250-STARTTLS<EOL>250-ENHANCEDSTATUSCODES<EOL>250-PIPELINING<EOL>250-CHUNKING<EOL>250 SMTPUTF8<EOL>
23/10/18 15:10:21 ** Authenticating as actionspheresup@gmail.com
23/10/18 15:10:21 >> STARTTLS<EOL>
23/10/18 15:10:21 << 220 2.0.0 Ready to start TLS<EOL>
23/10/18 15:10:21 >> EHLO LAPTOP-FSN0NC8T<EOL>
23/10/18 15:10:21 << 250-smtp.gmail.com at your service, [113.211.208.138]<EOL>250-SIZE 35882577<EOL>250-8BITMIME<EOL>250-AUTH LOGIN PLAIN XOAUTH2 PLAIN-CLIENTTOKEN OAUTHBEARER XOAUTH<EOL>250-ENHANCEDSTATUSCODES<EOL>250-PIPELINING<EOL>250-CHUNKING<EOL>250 SMTPUTF8<EOL>
23/10/18 15:10:21 >> AUTH LOGIN<EOL>
23/10/18 15:10:21 << 334 VXNlcm5hbWU6<EOL>
23/10/18 15:10:21 >> YWN0aW9uc3BoZXJlc3VwQGdtYWlsLmNvbQ==<EOL>
23/10/18 15:10:21 << 334 UGFzc3dvcmQ6<EOL>
23/10/18 15:10:21 >> aGR1aW14cXhncGdsZGFqYw==<EOL>
23/10/18 15:10:22 << 235 2.7.0 Accepted<EOL>
23/10/18 15:10:22 >> MAIL FROM: <=actionspheresup@gmail.com><EOL>
23/10/18 15:10:22 << 250 2.1.0 OK e13-20020a170902d38d00b001c5fd2a28d3sm2765784pld.28 - gsmtp<EOL>
23/10/18 15:10:22 >> RCPT TO: <tanwenhau9@gmail.com><EOL>
23/10/18 15:10:22 << 250 2.1.5 OK e13-20020a170902d38d00b001c5fd2a28d3sm2765784pld.28 - gsmtp<EOL>
23/10/18 15:10:22 >> DATA<EOL>
23/10/18 15:10:23 << 354  Go ahead e13-20020a170902d38d00b001c5fd2a28d3sm2765784pld.28 - gsmtp<EOL>
23/10/18 15:10:23 >> Date: Wed, 18 Oct 2023 15:10:23 +0800<EOL>
23/10/18 15:10:23 >> To: tanwenhau9@gmail.com<EOL>
23/10/18 15:10:23 >> Subject: Password Reset Code<EOL>
23/10/18 15:10:23 >> From: actionspheresup@gmail.com<EOL>
23/10/18 15:10:23 >> <EOL>
23/10/18 15:10:23 >> Your password reset code is 269823<EOL>
23/10/18 15:10:23 >> .<EOL>
23/10/18 15:10:23 << 250 2.0.0 OK  1697613026 e13-20020a170902d38d00b001c5fd2a28d3sm2765784pld.28 - gsmtp<EOL>
23/10/18 15:10:23 >> QUIT<EOL>
23/10/18 15:10:23 << 221 2.0.0 closing connection e13-20020a170902d38d00b001c5fd2a28d3sm2765784pld.28 - gsmtp<EOL>
23/10/18 15:10:23 ** Disconnected.
23/10/18 15:10:23 ** Disconnected.
23/10/18 15:10:23 ** Disconnected.
23/10/18 15:12:12 ** --- MESSAGE BEGIN ---
23/10/18 15:12:12 ** To: tanwenhau9@gmail.com
23/10/18 15:12:12 ** Subject: Password Reset Code
23/10/18 15:12:12 ** From: actionspheresup@gmail.com
23/10/18 15:12:12 ** 
23/10/18 15:12:12 ** Your password reset code is 595187
23/10/18 15:12:12 ** --- MESSAGE END ---
23/10/18 15:12:13 ** Connecting to smtp.gmail.com:587
23/10/18 15:12:14 ** Connected.
23/10/18 15:12:16 << 220 smtp.gmail.com ESMTP 10-20020a63164a000000b005703a63836esm1026590pgw.57 - gsmtp<EOL>
23/10/18 15:12:16 >> EHLO LAPTOP-FSN0NC8T<EOL>
23/10/18 15:12:16 << 250-smtp.gmail.com at your service, [113.211.208.138]<EOL>250-SIZE 35882577<EOL>250-8BITMIME<EOL>250-STARTTLS<EOL>250-ENHANCEDSTATUSCODES<EOL>250-PIPELINING<EOL>250-CHUNKING<EOL>250 SMTPUTF8<EOL>
23/10/18 15:12:16 ** Authenticating as actionspheresup@gmail.com
23/10/18 15:12:16 >> STARTTLS<EOL>
23/10/18 15:12:16 << 220 2.0.0 Ready to start TLS<EOL>
23/10/18 15:12:16 >> EHLO LAPTOP-FSN0NC8T<EOL>
23/10/18 15:12:16 << 250-smtp.gmail.com at your service, [113.211.208.138]<EOL>250-SIZE 35882577<EOL>250-8BITMIME<EOL>250-AUTH LOGIN PLAIN XOAUTH2 PLAIN-CLIENTTOKEN OAUTHBEARER XOAUTH<EOL>250-ENHANCEDSTATUSCODES<EOL>250-PIPELINING<EOL>250-CHUNKING<EOL>250 SMTPUTF8<EOL>
23/10/18 15:12:16 >> AUTH LOGIN<EOL>
23/10/18 15:12:17 << 334 VXNlcm5hbWU6<EOL>
23/10/18 15:12:17 >> YWN0aW9uc3BoZXJlc3VwQGdtYWlsLmNvbQ==<EOL>
23/10/18 15:12:17 << 334 UGFzc3dvcmQ6<EOL>
23/10/18 15:12:17 >> aGR1aW14cXhncGdsZGFqYw==<EOL>
23/10/18 15:12:17 << 235 2.7.0 Accepted<EOL>
23/10/18 15:12:17 >> MAIL FROM: <=actionspheresup@gmail.com><EOL>
23/10/18 15:12:17 << 250 2.1.0 OK 10-20020a63164a000000b005703a63836esm1026590pgw.57 - gsmtp<EOL>
23/10/18 15:12:17 >> RCPT TO: <tanwenhau9@gmail.com><EOL>
23/10/18 15:12:18 << 250 2.1.5 OK 10-20020a63164a000000b005703a63836esm1026590pgw.57 - gsmtp<EOL>
23/10/18 15:12:18 >> DATA<EOL>
23/10/18 15:12:18 << 354  Go ahead 10-20020a63164a000000b005703a63836esm1026590pgw.57 - gsmtp<EOL>
23/10/18 15:12:18 >> Date: Wed, 18 Oct 2023 15:12:18 +0800<EOL>
23/10/18 15:12:18 >> To: tanwenhau9@gmail.com<EOL>
23/10/18 15:12:18 >> Subject: Password Reset Code<EOL>
23/10/18 15:12:18 >> From: actionspheresup@gmail.com<EOL>
23/10/18 15:12:18 >> <EOL>
23/10/18 15:12:18 >> Your password reset code is 595187<EOL>
23/10/18 15:12:18 >> .<EOL>
23/10/18 15:12:19 << 250 2.0.0 OK  1697613141 10-20020a63164a000000b005703a63836esm1026590pgw.57 - gsmtp<EOL>
23/10/18 15:12:19 >> QUIT<EOL>
23/10/18 15:12:19 << 221 2.0.0 closing connection 10-20020a63164a000000b005703a63836esm1026590pgw.57 - gsmtp<EOL>
23/10/18 15:12:19 ** Disconnected.
23/10/18 15:12:19 ** Disconnected.
23/10/18 15:12:19 ** Disconnected.
23/10/18 15:16:08 ** --- MESSAGE BEGIN ---
23/10/18 15:16:08 ** To: tanwenhau9@gmail.com
23/10/18 15:16:08 ** Subject: Password Reset Code
23/10/18 15:16:08 ** From: actionspheresup@gmail.com
23/10/18 15:16:08 ** 
23/10/18 15:16:08 ** Your password reset code is 488375
23/10/18 15:16:08 ** --- MESSAGE END ---
23/10/18 15:16:09 ** Connecting to smtp.gmail.com:587
23/10/18 15:16:10 ** Connected.
23/10/18 15:16:12 << 220 smtp.gmail.com ESMTP ge7-20020a17090b0e0700b00277246e857esm653486pjb.23 - gsmtp<EOL>
23/10/18 15:16:12 >> EHLO LAPTOP-FSN0NC8T<EOL>
23/10/18 15:16:12 << 250-smtp.gmail.com at your service, [113.211.208.138]<EOL>250-SIZE 35882577<EOL>250-8BITMIME<EOL>250-STARTTLS<EOL>250-ENHANCEDSTATUSCODES<EOL>250-PIPELINING<EOL>250-CHUNKING<EOL>250 SMTPUTF8<EOL>
23/10/18 15:16:12 ** Authenticating as actionspheresup@gmail.com
23/10/18 15:16:12 >> STARTTLS<EOL>
23/10/18 15:16:12 << 220 2.0.0 Ready to start TLS<EOL>
23/10/18 15:16:12 >> EHLO LAPTOP-FSN0NC8T<EOL>
23/10/18 15:16:13 << 250-smtp.gmail.com at your service, [113.211.208.138]<EOL>250-SIZE 35882577<EOL>250-8BITMIME<EOL>250-AUTH LOGIN PLAIN XOAUTH2 PLAIN-CLIENTTOKEN OAUTHBEARER XOAUTH<EOL>250-ENHANCEDSTATUSCODES<EOL>250-PIPELINING<EOL>250-CHUNKING<EOL>250 SMTPUTF8<EOL>
23/10/18 15:16:13 >> AUTH LOGIN<EOL>
23/10/18 15:16:13 << 334 VXNlcm5hbWU6<EOL>
23/10/18 15:16:13 >> YWN0aW9uc3BoZXJlc3VwQGdtYWlsLmNvbQ==<EOL>
23/10/18 15:16:13 << 334 UGFzc3dvcmQ6<EOL>
23/10/18 15:16:13 >> aGR1aW14cXhncGdsZGFqYw==<EOL>
23/10/18 15:16:13 << 235 2.7.0 Accepted<EOL>
23/10/18 15:16:13 >> MAIL FROM: <=actionspheresup@gmail.com><EOL>
23/10/18 15:16:14 << 250 2.1.0 OK ge7-20020a17090b0e0700b00277246e857esm653486pjb.23 - gsmtp<EOL>
23/10/18 15:16:14 >> RCPT TO: <tanwenhau9@gmail.com><EOL>
23/10/18 15:16:14 << 250 2.1.5 OK ge7-20020a17090b0e0700b00277246e857esm653486pjb.23 - gsmtp<EOL>
23/10/18 15:16:14 >> DATA<EOL>
23/10/18 15:16:14 << 354  Go ahead ge7-20020a17090b0e0700b00277246e857esm653486pjb.23 - gsmtp<EOL>
23/10/18 15:16:14 >> Date: Wed, 18 Oct 2023 15:16:14 +0800<EOL>
23/10/18 15:16:14 >> To: tanwenhau9@gmail.com<EOL>
23/10/18 15:16:14 >> Subject: Password Reset Code<EOL>
23/10/18 15:16:14 >> From: actionspheresup@gmail.com<EOL>
23/10/18 15:16:14 >> <EOL>
23/10/18 15:16:14 >> Your password reset code is 488375<EOL>
23/10/18 15:16:14 >> .<EOL>
23/10/18 15:16:15 << 250 2.0.0 OK  1697613377 ge7-20020a17090b0e0700b00277246e857esm653486pjb.23 - gsmtp<EOL>
23/10/18 15:16:15 >> QUIT<EOL>
23/10/18 15:16:15 << 221 2.0.0 closing connection ge7-20020a17090b0e0700b00277246e857esm653486pjb.23 - gsmtp<EOL>
23/10/18 15:16:15 ** Disconnected.
23/10/18 15:16:15 ** Disconnected.
23/10/18 15:16:15 ** Disconnected.
23/10/18 15:18:04 ** --- MESSAGE BEGIN ---
23/10/18 15:18:04 ** To: tanwenhau9@gmail.com
23/10/18 15:18:04 ** Subject: Password Reset Code
23/10/18 15:18:04 ** From: actionspheresup@gmail.com
23/10/18 15:18:04 ** 
23/10/18 15:18:04 ** Your password reset code is 625895
23/10/18 15:18:04 ** --- MESSAGE END ---
23/10/18 15:18:05 ** Connecting to smtp.gmail.com:587
23/10/18 15:18:06 ** Connected.
23/10/18 15:18:08 << 220 smtp.gmail.com ESMTP m17-20020a170902db1100b001c3e732b8dbsm2765058plx.168 - gsmtp<EOL>
23/10/18 15:18:08 >> EHLO LAPTOP-FSN0NC8T<EOL>
23/10/18 15:18:08 << 250-smtp.gmail.com at your service, [113.211.208.138]<EOL>250-SIZE 35882577<EOL>250-8BITMIME<EOL>250-STARTTLS<EOL>250-ENHANCEDSTATUSCODES<EOL>250-PIPELINING<EOL>250-CHUNKING<EOL>250 SMTPUTF8<EOL>
23/10/18 15:18:08 ** Authenticating as actionspheresup@gmail.com
23/10/18 15:18:08 >> STARTTLS<EOL>
23/10/18 15:18:08 << 220 2.0.0 Ready to start TLS<EOL>
23/10/18 15:18:08 >> EHLO LAPTOP-FSN0NC8T<EOL>
23/10/18 15:18:08 << 250-smtp.gmail.com at your service, [113.211.208.138]<EOL>250-SIZE 35882577<EOL>250-8BITMIME<EOL>250-AUTH LOGIN PLAIN XOAUTH2 PLAIN-CLIENTTOKEN OAUTHBEARER XOAUTH<EOL>250-ENHANCEDSTATUSCODES<EOL>250-PIPELINING<EOL>250-CHUNKING<EOL>250 SMTPUTF8<EOL>
23/10/18 15:18:08 >> AUTH LOGIN<EOL>
23/10/18 15:18:08 << 334 VXNlcm5hbWU6<EOL>
23/10/18 15:18:08 >> YWN0aW9uc3BoZXJlc3VwQGdtYWlsLmNvbQ==<EOL>
23/10/18 15:18:08 << 334 UGFzc3dvcmQ6<EOL>
23/10/18 15:18:08 >> aGR1aW14cXhncGdsZGFqYw==<EOL>
23/10/18 15:18:09 << 235 2.7.0 Accepted<EOL>
23/10/18 15:18:09 >> MAIL FROM: <=actionspheresup@gmail.com><EOL>
23/10/18 15:18:09 << 250 2.1.0 OK m17-20020a170902db1100b001c3e732b8dbsm2765058plx.168 - gsmtp<EOL>
23/10/18 15:18:09 >> RCPT TO: <tanwenhau9@gmail.com><EOL>
23/10/18 15:18:09 << 250 2.1.5 OK m17-20020a170902db1100b001c3e732b8dbsm2765058plx.168 - gsmtp<EOL>
23/10/18 15:18:09 >> DATA<EOL>
23/10/18 15:18:10 << 354  Go ahead m17-20020a170902db1100b001c3e732b8dbsm2765058plx.168 - gsmtp<EOL>
23/10/18 15:18:10 >> Date: Wed, 18 Oct 2023 15:18:10 +0800<EOL>
23/10/18 15:18:10 >> To: tanwenhau9@gmail.com<EOL>
23/10/18 15:18:10 >> Subject: Password Reset Code<EOL>
23/10/18 15:18:10 >> From: actionspheresup@gmail.com<EOL>
23/10/18 15:18:10 >> <EOL>
23/10/18 15:18:10 >> Your password reset code is 625895<EOL>
23/10/18 15:18:10 >> .<EOL>
23/10/18 15:18:10 << 250 2.0.0 OK  1697613493 m17-20020a170902db1100b001c3e732b8dbsm2765058plx.168 - gsmtp<EOL>
23/10/18 15:18:10 >> QUIT<EOL>
23/10/18 15:18:10 << 221 2.0.0 closing connection m17-20020a170902db1100b001c3e732b8dbsm2765058plx.168 - gsmtp<EOL>
23/10/18 15:18:10 ** Disconnected.
23/10/18 15:18:10 ** Disconnected.
23/10/18 15:18:10 ** Disconnected.
23/10/18 15:20:28 ** --- MESSAGE BEGIN ---
23/10/18 15:20:28 ** To: tanwenhau9@gmail.com
23/10/18 15:20:28 ** Subject: Password Reset Code
23/10/18 15:20:28 ** From: actionspheresup@gmail.com
23/10/18 15:20:28 ** 
23/10/18 15:20:28 ** Your password reset code is 839649
23/10/18 15:20:28 ** --- MESSAGE END ---
23/10/18 15:20:29 ** Connecting to smtp.gmail.com:587
23/10/18 15:20:30 ** Connected.
23/10/18 15:20:32 << 220 smtp.gmail.com ESMTP b14-20020a17090acc0e00b00276cb03a0e9sm652066pju.46 - gsmtp<EOL>
23/10/18 15:20:32 >> EHLO LAPTOP-FSN0NC8T<EOL>
23/10/18 15:20:32 << 250-smtp.gmail.com at your service, [113.211.208.138]<EOL>250-SIZE 35882577<EOL>250-8BITMIME<EOL>250-STARTTLS<EOL>250-ENHANCEDSTATUSCODES<EOL>250-PIPELINING<EOL>250-CHUNKING<EOL>250 SMTPUTF8<EOL>
23/10/18 15:20:32 ** Authenticating as actionspheresup@gmail.com
23/10/18 15:20:32 >> STARTTLS<EOL>
23/10/18 15:20:32 << 220 2.0.0 Ready to start TLS<EOL>
23/10/18 15:20:32 >> EHLO LAPTOP-FSN0NC8T<EOL>
23/10/18 15:20:32 << 250-smtp.gmail.com at your service, [113.211.208.138]<EOL>250-SIZE 35882577<EOL>250-8BITMIME<EOL>250-AUTH LOGIN PLAIN XOAUTH2 PLAIN-CLIENTTOKEN OAUTHBEARER XOAUTH<EOL>250-ENHANCEDSTATUSCODES<EOL>250-PIPELINING<EOL>250-CHUNKING<EOL>250 SMTPUTF8<EOL>
23/10/18 15:20:32 >> AUTH LOGIN<EOL>
23/10/18 15:20:32 << 334 VXNlcm5hbWU6<EOL>
23/10/18 15:20:32 >> YWN0aW9uc3BoZXJlc3VwQGdtYWlsLmNvbQ==<EOL>
23/10/18 15:20:33 << 334 UGFzc3dvcmQ6<EOL>
23/10/18 15:20:33 >> aGR1aW14cXhncGdsZGFqYw==<EOL>
23/10/18 15:20:33 << 235 2.7.0 Accepted<EOL>
23/10/18 15:20:33 >> MAIL FROM: <=actionspheresup@gmail.com><EOL>
23/10/18 15:20:33 << 250 2.1.0 OK b14-20020a17090acc0e00b00276cb03a0e9sm652066pju.46 - gsmtp<EOL>
23/10/18 15:20:33 >> RCPT TO: <tanwenhau9@gmail.com><EOL>
23/10/18 15:20:33 << 250 2.1.5 OK b14-20020a17090acc0e00b00276cb03a0e9sm652066pju.46 - gsmtp<EOL>
23/10/18 15:20:33 >> DATA<EOL>
23/10/18 15:20:34 << 354  Go ahead b14-20020a17090acc0e00b00276cb03a0e9sm652066pju.46 - gsmtp<EOL>
23/10/18 15:20:34 >> Date: Wed, 18 Oct 2023 15:20:34 +0800<EOL>
23/10/18 15:20:34 >> To: tanwenhau9@gmail.com<EOL>
23/10/18 15:20:34 >> Subject: Password Reset Code<EOL>
23/10/18 15:20:34 >> From: actionspheresup@gmail.com<EOL>
23/10/18 15:20:34 >> <EOL>
23/10/18 15:20:34 >> Your password reset code is 839649<EOL>
23/10/18 15:20:34 >> .<EOL>
23/10/18 15:20:34 << 250 2.0.0 OK  1697613637 b14-20020a17090acc0e00b00276cb03a0e9sm652066pju.46 - gsmtp<EOL>
23/10/18 15:20:34 >> QUIT<EOL>
23/10/18 15:20:34 << 221 2.0.0 closing connection b14-20020a17090acc0e00b00276cb03a0e9sm652066pju.46 - gsmtp<EOL>
23/10/18 15:20:34 ** Disconnected.
23/10/18 15:20:34 ** Disconnected.
23/10/18 15:20:34 ** Disconnected.
23/10/18 15:23:50 ** --- MESSAGE BEGIN ---
23/10/18 15:23:50 ** To: tanwenhau9@gmail.com
23/10/18 15:23:50 ** Subject: Password Reset Code
23/10/18 15:23:50 ** From: actionspheresup@gmail.com
23/10/18 15:23:50 ** 
23/10/18 15:23:50 ** Your password reset code is 757074
23/10/18 15:23:50 ** --- MESSAGE END ---
23/10/18 15:23:51 ** Connecting to smtp.gmail.com:587
23/10/18 15:23:52 ** Connected.
23/10/18 15:23:54 << 220 smtp.gmail.com ESMTP d17-20020a170902c19100b001c62d63b817sm2780213pld.179 - gsmtp<EOL>
23/10/18 15:23:54 >> EHLO LAPTOP-FSN0NC8T<EOL>
23/10/18 15:23:54 << 250-smtp.gmail.com at your service, [113.211.208.138]<EOL>250-SIZE 35882577<EOL>250-8BITMIME<EOL>250-STARTTLS<EOL>250-ENHANCEDSTATUSCODES<EOL>250-PIPELINING<EOL>250-CHUNKING<EOL>250 SMTPUTF8<EOL>
23/10/18 15:23:54 ** Authenticating as actionspheresup@gmail.com
23/10/18 15:23:54 >> STARTTLS<EOL>
23/10/18 15:23:54 << 220 2.0.0 Ready to start TLS<EOL>
23/10/18 15:23:54 >> EHLO LAPTOP-FSN0NC8T<EOL>
23/10/18 15:23:54 << 250-smtp.gmail.com at your service, [113.211.208.138]<EOL>250-SIZE 35882577<EOL>250-8BITMIME<EOL>250-AUTH LOGIN PLAIN XOAUTH2 PLAIN-CLIENTTOKEN OAUTHBEARER XOAUTH<EOL>250-ENHANCEDSTATUSCODES<EOL>250-PIPELINING<EOL>250-CHUNKING<EOL>250 SMTPUTF8<EOL>
23/10/18 15:23:54 >> AUTH LOGIN<EOL>
23/10/18 15:23:54 << 334 VXNlcm5hbWU6<EOL>
23/10/18 15:23:54 >> YWN0aW9uc3BoZXJlc3VwQGdtYWlsLmNvbQ==<EOL>
23/10/18 15:23:55 << 334 UGFzc3dvcmQ6<EOL>
23/10/18 15:23:55 >> aGR1aW14cXhncGdsZGFqYw==<EOL>
23/10/18 15:23:55 << 235 2.7.0 Accepted<EOL>
23/10/18 15:23:55 >> MAIL FROM: <=actionspheresup@gmail.com><EOL>
23/10/18 15:23:55 << 250 2.1.0 OK d17-20020a170902c19100b001c62d63b817sm2780213pld.179 - gsmtp<EOL>
23/10/18 15:23:55 >> RCPT TO: <tanwenhau9@gmail.com><EOL>
23/10/18 15:23:55 << 250 2.1.5 OK d17-20020a170902c19100b001c62d63b817sm2780213pld.179 - gsmtp<EOL>
23/10/18 15:23:55 >> DATA<EOL>
23/10/18 15:23:56 << 354  Go ahead d17-20020a170902c19100b001c62d63b817sm2780213pld.179 - gsmtp<EOL>
23/10/18 15:23:56 >> Date: Wed, 18 Oct 2023 15:23:56 +0800<EOL>
23/10/18 15:23:56 >> To: tanwenhau9@gmail.com<EOL>
23/10/18 15:23:56 >> Subject: Password Reset Code<EOL>
23/10/18 15:23:56 >> From: actionspheresup@gmail.com<EOL>
23/10/18 15:23:56 >> <EOL>
23/10/18 15:23:56 >> Your password reset code is 757074<EOL>
23/10/18 15:23:56 >> .<EOL>
23/10/18 15:23:56 << 250 2.0.0 OK  1697613839 d17-20020a170902c19100b001c62d63b817sm2780213pld.179 - gsmtp<EOL>
23/10/18 15:23:56 >> QUIT<EOL>
23/10/18 15:23:56 << 221 2.0.0 closing connection d17-20020a170902c19100b001c62d63b817sm2780213pld.179 - gsmtp<EOL>
23/10/18 15:23:56 ** Disconnected.
23/10/18 15:23:56 ** Disconnected.
23/10/18 15:23:56 ** Disconnected.
23/10/18 15:27:11 ** --- MESSAGE BEGIN ---
23/10/18 15:27:11 ** To: tanwenhau9@gmail.com
23/10/18 15:27:11 ** Subject: Password Reset Code
23/10/18 15:27:11 ** From: actionspheresup@gmail.com
23/10/18 15:27:11 ** 
23/10/18 15:27:11 ** Your password reset code is 378386
23/10/18 15:27:11 ** --- MESSAGE END ---
23/10/18 15:27:13 ** Connecting to smtp.gmail.com:587
23/10/18 15:27:13 ** Connected.
23/10/18 15:27:15 << 220 smtp.gmail.com ESMTP r137-20020a632b8f000000b005af69a358ccsm1033855pgr.77 - gsmtp<EOL>
23/10/18 15:27:15 >> EHLO LAPTOP-FSN0NC8T<EOL>
23/10/18 15:27:15 << 250-smtp.gmail.com at your service, [113.211.208.138]<EOL>250-SIZE 35882577<EOL>250-8BITMIME<EOL>250-STARTTLS<EOL>250-ENHANCEDSTATUSCODES<EOL>250-PIPELINING<EOL>250-CHUNKING<EOL>250 SMTPUTF8<EOL>
23/10/18 15:27:15 ** Authenticating as actionspheresup@gmail.com
23/10/18 15:27:15 >> STARTTLS<EOL>
23/10/18 15:27:15 << 220 2.0.0 Ready to start TLS<EOL>
23/10/18 15:27:15 >> EHLO LAPTOP-FSN0NC8T<EOL>
23/10/18 15:27:15 << 250-smtp.gmail.com at your service, [113.211.208.138]<EOL>250-SIZE 35882577<EOL>250-8BITMIME<EOL>250-AUTH LOGIN PLAIN XOAUTH2 PLAIN-CLIENTTOKEN OAUTHBEARER XOAUTH<EOL>250-ENHANCEDSTATUSCODES<EOL>250-PIPELINING<EOL>250-CHUNKING<EOL>250 SMTPUTF8<EOL>
23/10/18 15:27:15 >> AUTH LOGIN<EOL>
23/10/18 15:27:16 << 334 VXNlcm5hbWU6<EOL>
23/10/18 15:27:16 >> YWN0aW9uc3BoZXJlc3VwQGdtYWlsLmNvbQ==<EOL>
23/10/18 15:27:16 << 334 UGFzc3dvcmQ6<EOL>
23/10/18 15:27:16 >> aGR1aW14cXhncGdsZGFqYw==<EOL>
23/10/18 15:27:16 << 235 2.7.0 Accepted<EOL>
23/10/18 15:27:16 >> MAIL FROM: <=actionspheresup@gmail.com><EOL>
23/10/18 15:27:16 << 250 2.1.0 OK r137-20020a632b8f000000b005af69a358ccsm1033855pgr.77 - gsmtp<EOL>
23/10/18 15:27:16 >> RCPT TO: <tanwenhau9@gmail.com><EOL>
23/10/18 15:27:16 << 250 2.1.5 OK r137-20020a632b8f000000b005af69a358ccsm1033855pgr.77 - gsmtp<EOL>
23/10/18 15:27:16 >> DATA<EOL>
23/10/18 15:27:17 << 354  Go ahead r137-20020a632b8f000000b005af69a358ccsm1033855pgr.77 - gsmtp<EOL>
23/10/18 15:27:17 >> Date: Wed, 18 Oct 2023 15:27:17 +0800<EOL>
23/10/18 15:27:17 >> To: tanwenhau9@gmail.com<EOL>
23/10/18 15:27:17 >> Subject: Password Reset Code<EOL>
23/10/18 15:27:17 >> From: actionspheresup@gmail.com<EOL>
23/10/18 15:27:17 >> <EOL>
23/10/18 15:27:17 >> Your password reset code is 378386<EOL>
23/10/18 15:27:17 >> .<EOL>
23/10/18 15:27:17 << 250 2.0.0 OK  1697614040 r137-20020a632b8f000000b005af69a358ccsm1033855pgr.77 - gsmtp<EOL>
23/10/18 15:27:17 >> QUIT<EOL>
23/10/18 15:27:18 << 221 2.0.0 closing connection r137-20020a632b8f000000b005af69a358ccsm1033855pgr.77 - gsmtp<EOL>
23/10/18 15:27:18 ** Disconnected.
23/10/18 15:27:18 ** Disconnected.
23/10/18 15:27:18 ** Disconnected.
23/10/18 15:42:53 ** --- MESSAGE BEGIN ---
23/10/18 15:42:53 ** To: tanwenhau9@gmail.com
23/10/18 15:42:53 ** Subject: Password Reset Code
23/10/18 15:42:53 ** From: actionspheresup@gmail.com
23/10/18 15:42:53 ** 
23/10/18 15:42:53 ** Your password reset code is 939992
23/10/18 15:42:53 ** --- MESSAGE END ---
23/10/18 15:42:54 ** Connecting to smtp.gmail.com:587
23/10/18 15:42:55 ** Connected.
23/10/18 15:42:57 << 220 smtp.gmail.com ESMTP jh20-20020a170903329400b001c0a414695dsm2830029plb.62 - gsmtp<EOL>
23/10/18 15:42:57 >> EHLO LAPTOP-FSN0NC8T<EOL>
23/10/18 15:42:57 << 250-smtp.gmail.com at your service, [113.211.208.138]<EOL>250-SIZE 35882577<EOL>250-8BITMIME<EOL>250-STARTTLS<EOL>250-ENHANCEDSTATUSCODES<EOL>250-PIPELINING<EOL>250-CHUNKING<EOL>250 SMTPUTF8<EOL>
23/10/18 15:42:57 ** Authenticating as actionspheresup@gmail.com
23/10/18 15:42:57 >> STARTTLS<EOL>
23/10/18 15:42:57 << 220 2.0.0 Ready to start TLS<EOL>
23/10/18 15:42:57 >> EHLO LAPTOP-FSN0NC8T<EOL>
23/10/18 15:42:57 << 250-smtp.gmail.com at your service, [113.211.208.138]<EOL>250-SIZE 35882577<EOL>250-8BITMIME<EOL>250-AUTH LOGIN PLAIN XOAUTH2 PLAIN-CLIENTTOKEN OAUTHBEARER XOAUTH<EOL>250-ENHANCEDSTATUSCODES<EOL>250-PIPELINING<EOL>250-CHUNKING<EOL>250 SMTPUTF8<EOL>
23/10/18 15:42:57 >> AUTH LOGIN<EOL>
23/10/18 15:42:58 << 334 VXNlcm5hbWU6<EOL>
23/10/18 15:42:58 >> YWN0aW9uc3BoZXJlc3VwQGdtYWlsLmNvbQ==<EOL>
23/10/18 15:42:58 << 334 UGFzc3dvcmQ6<EOL>
23/10/18 15:42:58 >> aGR1aW14cXhncGdsZGFqYw==<EOL>
23/10/18 15:42:58 << 235 2.7.0 Accepted<EOL>
23/10/18 15:42:58 >> MAIL FROM: <=actionspheresup@gmail.com><EOL>
23/10/18 15:42:58 << 250 2.1.0 OK jh20-20020a170903329400b001c0a414695dsm2830029plb.62 - gsmtp<EOL>
23/10/18 15:42:58 >> RCPT TO: <tanwenhau9@gmail.com><EOL>
23/10/18 15:42:59 << 250 2.1.5 OK jh20-20020a170903329400b001c0a414695dsm2830029plb.62 - gsmtp<EOL>
23/10/18 15:42:59 >> DATA<EOL>
23/10/18 15:42:59 << 354  Go ahead jh20-20020a170903329400b001c0a414695dsm2830029plb.62 - gsmtp<EOL>
23/10/18 15:42:59 >> Date: Wed, 18 Oct 2023 15:42:59 +0800<EOL>
23/10/18 15:42:59 >> To: tanwenhau9@gmail.com<EOL>
23/10/18 15:42:59 >> Subject: Password Reset Code<EOL>
23/10/18 15:42:59 >> From: actionspheresup@gmail.com<EOL>
23/10/18 15:42:59 >> <EOL>
23/10/18 15:42:59 >> Your password reset code is 939992<EOL>
23/10/18 15:42:59 >> .<EOL>
23/10/18 15:43:00 << 250 2.0.0 OK  1697614982 jh20-20020a170903329400b001c0a414695dsm2830029plb.62 - gsmtp<EOL>
23/10/18 15:43:00 >> QUIT<EOL>
23/10/18 15:43:00 << 221 2.0.0 closing connection jh20-20020a170903329400b001c0a414695dsm2830029plb.62 - gsmtp<EOL>
23/10/18 15:43:00 ** Disconnected.
23/10/18 15:43:00 ** Disconnected.
23/10/18 15:43:00 ** Disconnected.
23/10/19 09:42:22 ** --- MESSAGE BEGIN ---
23/10/19 09:42:22 ** To: tanwenhau9@gmail.com
23/10/19 09:42:22 ** Subject: Password Reset Code
23/10/19 09:42:22 ** From: actionspheresup@gmail.com
23/10/19 09:42:22 ** 
23/10/19 09:42:22 ** Your password reset code is 328107
23/10/19 09:42:22 ** --- MESSAGE END ---
23/10/19 09:42:23 ** Connecting to smtp.gmail.com:587
23/10/19 09:42:34 ** Disconnected.
23/10/19 09:42:34 ** Disconnected.
23/10/19 09:42:34 ** Disconnected.
23/10/19 09:42:34 ** Disconnected.
23/10/19 09:42:34 ** Connect timed out.
23/10/19 09:42:38 ** --- MESSAGE BEGIN ---
23/10/19 09:42:38 ** To: tanwenhau9@gmail.com
23/10/19 09:42:38 ** Subject: Password Reset Code
23/10/19 09:42:38 ** From: actionspheresup@gmail.com
23/10/19 09:42:38 ** 
23/10/19 09:42:38 ** Your password reset code is 467640
23/10/19 09:42:38 ** --- MESSAGE END ---
23/10/19 09:42:39 ** Connecting to smtp.gmail.com:587
23/10/19 09:42:50 ** Disconnected.
23/10/19 09:42:50 ** Disconnected.
23/10/19 09:42:50 ** Disconnected.
23/10/19 09:42:50 ** Disconnected.
23/10/19 09:42:50 ** Connect timed out.
23/10/19 09:43:11 ** --- MESSAGE BEGIN ---
23/10/19 09:43:11 ** To: tanwenhau9@gmail.com
23/10/19 09:43:11 ** Subject: Password Reset Code
23/10/19 09:43:11 ** From: actionspheresup@gmail.com
23/10/19 09:43:11 ** 
23/10/19 09:43:11 ** Your password reset code is 214946
23/10/19 09:43:11 ** --- MESSAGE END ---
23/10/19 09:43:12 ** Connecting to smtp.gmail.com:587
23/10/19 09:43:23 ** Disconnected.
23/10/19 09:43:23 ** Disconnected.
23/10/19 09:43:23 ** Disconnected.
23/10/19 09:43:23 ** Disconnected.
23/10/19 09:43:23 ** Connect timed out.
23/10/19 09:46:38 ** --- MESSAGE BEGIN ---
23/10/19 09:46:38 ** To: tanwenhau9@gmail.com
23/10/19 09:46:38 ** Subject: Password Reset Code
23/10/19 09:46:38 ** From: actionspheresup@gmail.com
23/10/19 09:46:38 ** 
23/10/19 09:46:38 ** Your password reset code is 880701
23/10/19 09:46:38 ** --- MESSAGE END ---
23/10/19 09:46:40 ** Connecting to smtp.gmail.com:587
23/10/19 09:46:41 ** Connected.
23/10/19 09:46:41 << 220 smtp.gmail.com ESMTP o2-20020a170902d4c200b001c9ba6c7287sm581273plg.143 - gsmtp<EOL>
23/10/19 09:46:41 >> EHLO LAPTOP-FSN0NC8T<EOL>
23/10/19 09:46:41 << 250-smtp.gmail.com at your service, [115.164.216.130]<EOL>250-SIZE 35882577<EOL>250-8BITMIME<EOL>250-STARTTLS<EOL>250-ENHANCEDSTATUSCODES<EOL>250-PIPELINING<EOL>250-CHUNKING<EOL>250 SMTPUTF8<EOL>
23/10/19 09:46:41 ** Authenticating as actionspheresup@gmail.com
23/10/19 09:46:41 >> STARTTLS<EOL>
23/10/19 09:46:41 << 220 2.0.0 Ready to start TLS<EOL>
23/10/19 09:46:41 >> EHLO LAPTOP-FSN0NC8T<EOL>
23/10/19 09:46:41 << 250-smtp.gmail.com at your service, [115.164.216.130]<EOL>250-SIZE 35882577<EOL>250-8BITMIME<EOL>250-AUTH LOGIN PLAIN XOAUTH2 PLAIN-CLIENTTOKEN OAUTHBEARER XOAUTH<EOL>250-ENHANCEDSTATUSCODES<EOL>250-PIPELINING<EOL>250-CHUNKING<EOL>250 SMTPUTF8<EOL>
23/10/19 09:46:41 >> AUTH LOGIN<EOL>
23/10/19 09:46:41 << 334 VXNlcm5hbWU6<EOL>
23/10/19 09:46:41 >> YWN0aW9uc3BoZXJlc3VwQGdtYWlsLmNvbQ==<EOL>
23/10/19 09:46:42 << 334 UGFzc3dvcmQ6<EOL>
23/10/19 09:46:42 >> aGR1aW14cXhncGdsZGFqYw==<EOL>
23/10/19 09:46:42 << 235 2.7.0 Accepted<EOL>
23/10/19 09:46:42 >> MAIL FROM: <=actionspheresup@gmail.com><EOL>
23/10/19 09:46:42 << 250 2.1.0 OK o2-20020a170902d4c200b001c9ba6c7287sm581273plg.143 - gsmtp<EOL>
23/10/19 09:46:42 >> RCPT TO: <tanwenhau9@gmail.com><EOL>
23/10/19 09:46:42 << 250 2.1.5 OK o2-20020a170902d4c200b001c9ba6c7287sm581273plg.143 - gsmtp<EOL>
23/10/19 09:46:42 >> DATA<EOL>
23/10/19 09:46:43 << 354  Go ahead o2-20020a170902d4c200b001c9ba6c7287sm581273plg.143 - gsmtp<EOL>
23/10/19 09:46:43 >> Date: Thu, 19 Oct 2023 09:46:43 +0800<EOL>
23/10/19 09:46:43 >> To: tanwenhau9@gmail.com<EOL>
23/10/19 09:46:43 >> Subject: Password Reset Code<EOL>
23/10/19 09:46:43 >> From: actionspheresup@gmail.com<EOL>
23/10/19 09:46:43 >> <EOL>
23/10/19 09:46:43 >> Your password reset code is 880701<EOL>
23/10/19 09:46:43 >> .<EOL>
23/10/19 09:46:44 << 250 2.0.0 OK  1697680007 o2-20020a170902d4c200b001c9ba6c7287sm581273plg.143 - gsmtp<EOL>
23/10/19 09:46:44 >> QUIT<EOL>
23/10/19 09:46:44 << 221 2.0.0 closing connection o2-20020a170902d4c200b001c9ba6c7287sm581273plg.143 - gsmtp<EOL>
23/10/19 09:46:44 ** Disconnecting from smtp.gmail.com:587
23/10/19 09:46:44 ** Disconnected.
23/10/19 09:46:44 ** Disconnected.
